2022-06-27 16:42:00 [scrapy.utils.log] INFO: Scrapy 2.6.1 started (bot: Fighting)
2022-06-27 16:42:00 [scrapy.utils.log] INFO: Versions: lxml 4.9.0.0, libxml2 2.9.12, cssselect 1.1.0, parsel 1.6.0, w3lib 1.22.0, Twisted 22.4.0, Python 3.10.4 (tags/v3.10.4:9d38120, Mar 23 2022, 23:13:41) [MSC v.1929 64 bit (AMD64)], pyOpenSSL 22.0.0 (OpenSSL 3.0.3 3 May 2022), cryptography 37.0.2, Platform Windows-10-10.0.19044-SP0
2022-06-27 16:42:00 [scrapy.crawler] INFO: Overridden settings:
{'BOT_NAME': 'Fighting',
 'FEED_EXPORT_ENCODING': 'utf-8-sig',
 'LOG_FILE': 'MainSpider.log',
 'NEWSPIDER_MODULE': 'Fighting.spiders',
 'SPIDER_MODULES': ['Fighting.spiders']}
2022-06-27 16:42:00 [scrapy.utils.log] DEBUG: Using reactor: twisted.internet.selectreactor.SelectReactor
2022-06-27 16:42:01 [scrapy.extensions.telnet] INFO: Telnet Password: 7b1559ceb1eabc39
2022-06-27 16:42:01 [scrapy.middleware] INFO: Enabled extensions:
['scrapy.extensions.corestats.CoreStats',
 'scrapy.extensions.telnet.TelnetConsole',
 'scrapy.extensions.logstats.LogStats']
2022-06-27 16:42:01 [scrapy.middleware] INFO: Enabled downloader middlewares:
['scrapy.downloadermiddlewares.httpauth.HttpAuthMiddleware',
 'scrapy.downloadermiddlewares.downloadtimeout.DownloadTimeoutMiddleware',
 'scrapy.downloadermiddlewares.defaultheaders.DefaultHeadersMiddleware',
 'scrapy.downloadermiddlewares.useragent.UserAgentMiddleware',
 'scrapy.downloadermiddlewares.retry.RetryMiddleware',
 'scrapy.downloadermiddlewares.redirect.MetaRefreshMiddleware',
 'scrapy.downloadermiddlewares.httpcompression.HttpCompressionMiddleware',
 'scrapy.downloadermiddlewares.redirect.RedirectMiddleware',
 'scrapy.downloadermiddlewares.cookies.CookiesMiddleware',
 'scrapy.downloadermiddlewares.httpproxy.HttpProxyMiddleware',
 'scrapy.downloadermiddlewares.stats.DownloaderStats']
2022-06-27 16:42:01 [scrapy.middleware] INFO: Enabled spider middlewares:
['scrapy.spidermiddlewares.httperror.HttpErrorMiddleware',
 'scrapy.spidermiddlewares.offsite.OffsiteMiddleware',
 'scrapy.spidermiddlewares.referer.RefererMiddleware',
 'scrapy.spidermiddlewares.urllength.UrlLengthMiddleware',
 'scrapy.spidermiddlewares.depth.DepthMiddleware']
2022-06-27 16:42:01 [scrapy.middleware] INFO: Enabled item pipelines:
['Fighting.pipelines.Fighting_DBPipeline']
2022-06-27 16:42:01 [scrapy.core.engine] INFO: Spider opened
2022-06-27 16:42:01 [scrapy.extensions.logstats] INFO: Crawled 0 pages (at 0 pages/min), scraped 0 items (at 0 items/min)
2022-06-27 16:42:01 [scrapy.extensions.telnet] INFO: Telnet console listening on 127.0.0.1:6023
2022-06-27 16:42:02 [filelock] DEBUG: Attempting to acquire lock 2528306879152 on C:\Users\bbde1\AppData\Local\Programs\Python\Python310\lib\site-packages\tldextract\.suffix_cache/publicsuffix.org-tlds\de84b5ca2167d4c83e38fb162f2e8738.tldextract.json.lock
2022-06-27 16:42:02 [filelock] DEBUG: Lock 2528306879152 acquired on C:\Users\bbde1\AppData\Local\Programs\Python\Python310\lib\site-packages\tldextract\.suffix_cache/publicsuffix.org-tlds\de84b5ca2167d4c83e38fb162f2e8738.tldextract.json.lock
2022-06-27 16:42:02 [filelock] DEBUG: Attempting to release lock 2528306879152 on C:\Users\bbde1\AppData\Local\Programs\Python\Python310\lib\site-packages\tldextract\.suffix_cache/publicsuffix.org-tlds\de84b5ca2167d4c83e38fb162f2e8738.tldextract.json.lock
2022-06-27 16:42:02 [filelock] DEBUG: Lock 2528306879152 released on C:\Users\bbde1\AppData\Local\Programs\Python\Python310\lib\site-packages\tldextract\.suffix_cache/publicsuffix.org-tlds\de84b5ca2167d4c83e38fb162f2e8738.tldextract.json.lock
2022-06-27 16:42:02 [scrapy.core.engine] DEBUG: Crawled (200) <GET https://www.jobkorea.co.kr/Search/?stext=%ED%8C%8C%EC%9D%B4%EC%8D%AC&careerType=2&careerMin=1&careerMax=5&edu=0&payType=1&payMin=2500&payMax=3000&recruit&Page_No=3> (referer: None)
2022-06-27 16:42:02 [scrapy.core.scraper] ERROR: Error processing {'ACADEMIC_ABILILTY': '학력무관',
 'AREA': '경기 부천시',
 'CARRER': '경력2년↑',
 'COMPANY': '제이앤와이(J&Y) 코퍼레이션',
 'EMPLOYMENT_TYPE': '정규직',
 'OTHER_CONTENTS': 'Python, VisualC, VisualC++, 소프트웨어',
 'RECUITMENT_PERIOD': '상시채용',
 'TITLE': 'ES COMPANY 개발&리버싱 분석 부분별 신입/경력 채용모집\r\n                            ',
 'URL': 'https://www.jobkorea.co.kr/Recruit/GI_Read/38036018?Oem_Code=C1&logpath=1&stext=파이썬&listno=41'}
Traceback (most recent call last):
  File "C:\Users\bbde1\AppData\Local\Programs\Python\Python310\lib\site-packages\twisted\internet\defer.py", line 857, in _runCallbacks
    current.result = callback(  # type: ignore[misc]
  File "C:\Users\bbde1\AppData\Local\Programs\Python\Python310\lib\site-packages\scrapy\utils\defer.py", line 162, in f
    return deferred_from_coro(coro_f(*coro_args, **coro_kwargs))
  File "C:\Users\bbde1\Desktop\crawling\Spirit\Fighting\pipelines.py", line 26, in process_item
    self.cursor.execute("select * from test1.spirit where spirit COMPANY = %s and TITLE = %s and CARRER = %s and ACADEMIC_ABILILTY = %s and EMPLOYMENT_TYPE = %s and AREA = %s and RECUITMENT_PERIOD = %s and OTHER_CONTENTS = %s and URL = %s  ",
  File "C:\Users\bbde1\AppData\Local\Programs\Python\Python310\lib\site-packages\MySQLdb\cursors.py", line 206, in execute
    res = self._query(query)
  File "C:\Users\bbde1\AppData\Local\Programs\Python\Python310\lib\site-packages\MySQLdb\cursors.py", line 319, in _query
    db.query(q)
  File "C:\Users\bbde1\AppData\Local\Programs\Python\Python310\lib\site-packages\MySQLdb\connections.py", line 254, in query
    _mysql.connection.query(self, query)
MySQLdb.ProgrammingError: (1064, "You have an error in your SQL syntax; check the manual that corresponds to your MySQL server version for the right syntax to use near 'COMPANY = '제' and TITLE = 'E' and CARRER = '경' and ACADEMIC_ABILILTY = '학'' at line 1")
2022-06-27 16:42:02 [scrapy.core.scraper] ERROR: Error processing {'ACADEMIC_ABILILTY': '학력무관',
 'AREA': '서울 강서구',
 'CARRER': '신입·경력2년↑',
 'COMPANY': '㈜와이즈교육',
 'EMPLOYMENT_TYPE': '정규직',
 'OTHER_CONTENTS': '교재제작, 유아교육, 학습지, 프로그램강의, Python, 인공지능(AI), 교육기획, 교재컨텐츠개발',
 'RECUITMENT_PERIOD': '상시채용',
 'TITLE': '코딩/로봇교육 경력자 채용\r\n                            ',
 'URL': 'https://www.jobkorea.co.kr/Recruit/GI_Read/37996499?Oem_Code=C1&logpath=1&stext=파이썬&listno=42'}
Traceback (most recent call last):
  File "C:\Users\bbde1\AppData\Local\Programs\Python\Python310\lib\site-packages\twisted\internet\defer.py", line 857, in _runCallbacks
    current.result = callback(  # type: ignore[misc]
  File "C:\Users\bbde1\AppData\Local\Programs\Python\Python310\lib\site-packages\scrapy\utils\defer.py", line 162, in f
    return deferred_from_coro(coro_f(*coro_args, **coro_kwargs))
  File "C:\Users\bbde1\Desktop\crawling\Spirit\Fighting\pipelines.py", line 26, in process_item
    self.cursor.execute("select * from test1.spirit where spirit COMPANY = %s and TITLE = %s and CARRER = %s and ACADEMIC_ABILILTY = %s and EMPLOYMENT_TYPE = %s and AREA = %s and RECUITMENT_PERIOD = %s and OTHER_CONTENTS = %s and URL = %s  ",
  File "C:\Users\bbde1\AppData\Local\Programs\Python\Python310\lib\site-packages\MySQLdb\cursors.py", line 206, in execute
    res = self._query(query)
  File "C:\Users\bbde1\AppData\Local\Programs\Python\Python310\lib\site-packages\MySQLdb\cursors.py", line 319, in _query
    db.query(q)
  File "C:\Users\bbde1\AppData\Local\Programs\Python\Python310\lib\site-packages\MySQLdb\connections.py", line 254, in query
    _mysql.connection.query(self, query)
MySQLdb.ProgrammingError: (1064, <NULL>)
2022-06-27 16:42:02 [scrapy.core.scraper] ERROR: Error processing {'ACADEMIC_ABILILTY': '학력무관',
 'AREA': '경기 성남시',
 'CARRER': '신입·경력',
 'COMPANY': '크립토파라다이스유한책임회사',
 'EMPLOYMENT_TYPE': '정규직',
 'OTHER_CONTENTS': '블록체인, AWS, blockchain, Azure, GCP, JavaScript, NODE.JS, '
                   'REST, Travis CI, Typescript, graphql, 2D온라인게임, 게임개발, 보드게임, '
                   '웹게임, 캐주얼게임, 게임개발, 서버, 데이터베이스, Python',
 'RECUITMENT_PERIOD': '~07/05(화)',
 'TITLE': '[CryptoParadise] Back-end Junior / Senior Developer\r\n'
          '                            ',
 'URL': 'https://www.jobkorea.co.kr/Recruit/GI_Read/37976684?Oem_Code=C1&logpath=1&stext=파이썬&listno=43'}
Traceback (most recent call last):
  File "C:\Users\bbde1\AppData\Local\Programs\Python\Python310\lib\site-packages\twisted\internet\defer.py", line 857, in _runCallbacks
    current.result = callback(  # type: ignore[misc]
  File "C:\Users\bbde1\AppData\Local\Programs\Python\Python310\lib\site-packages\scrapy\utils\defer.py", line 162, in f
    return deferred_from_coro(coro_f(*coro_args, **coro_kwargs))
  File "C:\Users\bbde1\Desktop\crawling\Spirit\Fighting\pipelines.py", line 26, in process_item
    self.cursor.execute("select * from test1.spirit where spirit COMPANY = %s and TITLE = %s and CARRER = %s and ACADEMIC_ABILILTY = %s and EMPLOYMENT_TYPE = %s and AREA = %s and RECUITMENT_PERIOD = %s and OTHER_CONTENTS = %s and URL = %s  ",
  File "C:\Users\bbde1\AppData\Local\Programs\Python\Python310\lib\site-packages\MySQLdb\cursors.py", line 206, in execute
    res = self._query(query)
  File "C:\Users\bbde1\AppData\Local\Programs\Python\Python310\lib\site-packages\MySQLdb\cursors.py", line 319, in _query
    db.query(q)
  File "C:\Users\bbde1\AppData\Local\Programs\Python\Python310\lib\site-packages\MySQLdb\connections.py", line 254, in query
    _mysql.connection.query(self, query)
MySQLdb.ProgrammingError: (1064, "You have an error in your SQL syntax; check the manual that corresponds to your MySQL server version for the right syntax to use near 'COMPANY = '크' and TITLE = '[' and CARRER = '신' and ACADEMIC_ABILILTY = '학'' at line 1")
2022-06-27 16:42:02 [scrapy.core.scraper] ERROR: Error processing {'ACADEMIC_ABILILTY': '학력무관',
 'AREA': '경기 수원시',
 'CARRER': '신입·경력1년↑',
 'COMPANY': '㈜스크린GO',
 'EMPLOYMENT_TYPE': '정규직',
 'OTHER_CONTENTS': '모바일, 모바일App, 아이폰, 안드로이드, Java, Application, C++, Oracle, '
                   'Python, tensorflow',
 'RECUITMENT_PERIOD': '상시채용',
 'TITLE': 'AI, 서버 및 백엔드 개발자 모집\r\n                            ',
 'URL': 'https://www.jobkorea.co.kr/Recruit/GI_Read/37937411?Oem_Code=C1&logpath=1&stext=파이썬&listno=44'}
Traceback (most recent call last):
  File "C:\Users\bbde1\AppData\Local\Programs\Python\Python310\lib\site-packages\twisted\internet\defer.py", line 857, in _runCallbacks
    current.result = callback(  # type: ignore[misc]
  File "C:\Users\bbde1\AppData\Local\Programs\Python\Python310\lib\site-packages\scrapy\utils\defer.py", line 162, in f
    return deferred_from_coro(coro_f(*coro_args, **coro_kwargs))
  File "C:\Users\bbde1\Desktop\crawling\Spirit\Fighting\pipelines.py", line 26, in process_item
    self.cursor.execute("select * from test1.spirit where spirit COMPANY = %s and TITLE = %s and CARRER = %s and ACADEMIC_ABILILTY = %s and EMPLOYMENT_TYPE = %s and AREA = %s and RECUITMENT_PERIOD = %s and OTHER_CONTENTS = %s and URL = %s  ",
  File "C:\Users\bbde1\AppData\Local\Programs\Python\Python310\lib\site-packages\MySQLdb\cursors.py", line 206, in execute
    res = self._query(query)
  File "C:\Users\bbde1\AppData\Local\Programs\Python\Python310\lib\site-packages\MySQLdb\cursors.py", line 319, in _query
    db.query(q)
  File "C:\Users\bbde1\AppData\Local\Programs\Python\Python310\lib\site-packages\MySQLdb\connections.py", line 254, in query
    _mysql.connection.query(self, query)
MySQLdb.ProgrammingError: (1064, "You have an error in your SQL syntax; check the manual that corresponds to your MySQL server version for the right syntax to use near 'COMPANY = '㈜' and TITLE = 'A' and CARRER = '신' and ACADEMIC_ABILILTY = '학'' at line 1")
2022-06-27 16:42:02 [scrapy.core.scraper] ERROR: Error processing {'ACADEMIC_ABILILTY': '학력무관',
 'AREA': '서울 강남구',
 'CARRER': '경력3년↑',
 'COMPANY': '㈜닥터다이어리',
 'EMPLOYMENT_TYPE': '정규직',
 'OTHER_CONTENTS': '소프트웨어개발, 모바일기획, 웹기획, 웹서비스기획, PM',
 'RECUITMENT_PERIOD': '~07/27(수)',
 'TITLE': '[닥터다이어리 모바일] 서비스기획 PM (2년 이상)\r\n                            ',
 'URL': 'https://www.jobkorea.co.kr/Recruit/GI_Read/38857597?Oem_Code=C1&logpath=1&stext=파이썬&listno=45'}
Traceback (most recent call last):
  File "C:\Users\bbde1\AppData\Local\Programs\Python\Python310\lib\site-packages\twisted\internet\defer.py", line 857, in _runCallbacks
    current.result = callback(  # type: ignore[misc]
  File "C:\Users\bbde1\AppData\Local\Programs\Python\Python310\lib\site-packages\scrapy\utils\defer.py", line 162, in f
    return deferred_from_coro(coro_f(*coro_args, **coro_kwargs))
  File "C:\Users\bbde1\Desktop\crawling\Spirit\Fighting\pipelines.py", line 26, in process_item
    self.cursor.execute("select * from test1.spirit where spirit COMPANY = %s and TITLE = %s and CARRER = %s and ACADEMIC_ABILILTY = %s and EMPLOYMENT_TYPE = %s and AREA = %s and RECUITMENT_PERIOD = %s and OTHER_CONTENTS = %s and URL = %s  ",
  File "C:\Users\bbde1\AppData\Local\Programs\Python\Python310\lib\site-packages\MySQLdb\cursors.py", line 206, in execute
    res = self._query(query)
  File "C:\Users\bbde1\AppData\Local\Programs\Python\Python310\lib\site-packages\MySQLdb\cursors.py", line 319, in _query
    db.query(q)
  File "C:\Users\bbde1\AppData\Local\Programs\Python\Python310\lib\site-packages\MySQLdb\connections.py", line 254, in query
    _mysql.connection.query(self, query)
MySQLdb.ProgrammingError: (1064, "You have an error in your SQL syntax; check the manual that corresponds to your MySQL server version for the right syntax to use near 'COMPANY = '㈜' and TITLE = '[' and CARRER = '경' and ACADEMIC_ABILILTY = '학'' at line 1")
2022-06-27 16:42:02 [scrapy.core.scraper] ERROR: Error processing {'ACADEMIC_ABILILTY': '학력무관',
 'AREA': '서울 강남구',
 'CARRER': '경력3년↑',
 'COMPANY': '㈜델레오코리아',
 'EMPLOYMENT_TYPE': '정규직',
 'OTHER_CONTENTS': '소프트웨어개발, DB2, DBA, MS-SQL, MySQL, SQL, asp, Java, jsp, '
                   'php, SQL, API',
 'RECUITMENT_PERIOD': '상시채용',
 'TITLE': '[델레오코리아] Tech직군 인재채용\r\n                            ',
 'URL': 'https://www.jobkorea.co.kr/Recruit/GI_Read/38830716?Oem_Code=C1&logpath=1&stext=파이썬&listno=46'}
Traceback (most recent call last):
  File "C:\Users\bbde1\AppData\Local\Programs\Python\Python310\lib\site-packages\twisted\internet\defer.py", line 857, in _runCallbacks
    current.result = callback(  # type: ignore[misc]
  File "C:\Users\bbde1\AppData\Local\Programs\Python\Python310\lib\site-packages\scrapy\utils\defer.py", line 162, in f
    return deferred_from_coro(coro_f(*coro_args, **coro_kwargs))
  File "C:\Users\bbde1\Desktop\crawling\Spirit\Fighting\pipelines.py", line 26, in process_item
    self.cursor.execute("select * from test1.spirit where spirit COMPANY = %s and TITLE = %s and CARRER = %s and ACADEMIC_ABILILTY = %s and EMPLOYMENT_TYPE = %s and AREA = %s and RECUITMENT_PERIOD = %s and OTHER_CONTENTS = %s and URL = %s  ",
  File "C:\Users\bbde1\AppData\Local\Programs\Python\Python310\lib\site-packages\MySQLdb\cursors.py", line 206, in execute
    res = self._query(query)
  File "C:\Users\bbde1\AppData\Local\Programs\Python\Python310\lib\site-packages\MySQLdb\cursors.py", line 319, in _query
    db.query(q)
  File "C:\Users\bbde1\AppData\Local\Programs\Python\Python310\lib\site-packages\MySQLdb\connections.py", line 254, in query
    _mysql.connection.query(self, query)
MySQLdb.ProgrammingError: (1064, "You have an error in your SQL syntax; check the manual that corresponds to your MySQL server version for the right syntax to use near 'COMPANY = '㈜' and TITLE = '[' and CARRER = '경' and ACADEMIC_ABILILTY = '학'' at line 1")
2022-06-27 16:42:02 [scrapy.core.scraper] ERROR: Error processing {'ACADEMIC_ABILILTY': '학력무관',
 'AREA': '경기 고양시',
 'CARRER': '신입·경력3년↑',
 'COMPANY': '주식회사 트리탑파티',
 'EMPLOYMENT_TYPE': '정규직 외',
 'OTHER_CONTENTS': '스튜디오, 방송기획, 방송제작, PD·연출, 특수효과, 영화제작, 영화기획',
 'RECUITMENT_PERIOD': '상시채용',
 'TITLE': '영화/방송/광고/애니메이션 제작을 위한 CGI 아티스트를 모십니다.\r\n'
          '                            ',
 'URL': 'https://www.jobkorea.co.kr/Recruit/GI_Read/38741062?Oem_Code=C1&logpath=1&stext=파이썬&listno=47'}
Traceback (most recent call last):
  File "C:\Users\bbde1\AppData\Local\Programs\Python\Python310\lib\site-packages\twisted\internet\defer.py", line 857, in _runCallbacks
    current.result = callback(  # type: ignore[misc]
  File "C:\Users\bbde1\AppData\Local\Programs\Python\Python310\lib\site-packages\scrapy\utils\defer.py", line 162, in f
    return deferred_from_coro(coro_f(*coro_args, **coro_kwargs))
  File "C:\Users\bbde1\Desktop\crawling\Spirit\Fighting\pipelines.py", line 26, in process_item
    self.cursor.execute("select * from test1.spirit where spirit COMPANY = %s and TITLE = %s and CARRER = %s and ACADEMIC_ABILILTY = %s and EMPLOYMENT_TYPE = %s and AREA = %s and RECUITMENT_PERIOD = %s and OTHER_CONTENTS = %s and URL = %s  ",
  File "C:\Users\bbde1\AppData\Local\Programs\Python\Python310\lib\site-packages\MySQLdb\cursors.py", line 206, in execute
    res = self._query(query)
  File "C:\Users\bbde1\AppData\Local\Programs\Python\Python310\lib\site-packages\MySQLdb\cursors.py", line 319, in _query
    db.query(q)
  File "C:\Users\bbde1\AppData\Local\Programs\Python\Python310\lib\site-packages\MySQLdb\connections.py", line 254, in query
    _mysql.connection.query(self, query)
MySQLdb.ProgrammingError: (1064, <NULL>)
2022-06-27 16:42:02 [scrapy.core.scraper] ERROR: Error processing {'ACADEMIC_ABILILTY': '학력무관',
 'AREA': '제주 제주시',
 'CARRER': '신입·경력',
 'COMPANY': '플레이콘',
 'EMPLOYMENT_TYPE': '정규직 외',
 'OTHER_CONTENTS': '모바일앱개발, 소프트웨어개발, 웹프로그래머, 유지보수, 하드웨어, 소프트웨어',
 'RECUITMENT_PERIOD': '~07/15(금)',
 'TITLE': '개발자(프론트엔드,백엔드,딥러닝,풀스택) 모집/ (경력자 우대)\r\n                            ',
 'URL': 'https://www.jobkorea.co.kr/Recruit/GI_Read/38735735?Oem_Code=C1&logpath=1&stext=파이썬&listno=48'}
Traceback (most recent call last):
  File "C:\Users\bbde1\AppData\Local\Programs\Python\Python310\lib\site-packages\twisted\internet\defer.py", line 857, in _runCallbacks
    current.result = callback(  # type: ignore[misc]
  File "C:\Users\bbde1\AppData\Local\Programs\Python\Python310\lib\site-packages\scrapy\utils\defer.py", line 162, in f
    return deferred_from_coro(coro_f(*coro_args, **coro_kwargs))
  File "C:\Users\bbde1\Desktop\crawling\Spirit\Fighting\pipelines.py", line 26, in process_item
    self.cursor.execute("select * from test1.spirit where spirit COMPANY = %s and TITLE = %s and CARRER = %s and ACADEMIC_ABILILTY = %s and EMPLOYMENT_TYPE = %s and AREA = %s and RECUITMENT_PERIOD = %s and OTHER_CONTENTS = %s and URL = %s  ",
  File "C:\Users\bbde1\AppData\Local\Programs\Python\Python310\lib\site-packages\MySQLdb\cursors.py", line 206, in execute
    res = self._query(query)
  File "C:\Users\bbde1\AppData\Local\Programs\Python\Python310\lib\site-packages\MySQLdb\cursors.py", line 319, in _query
    db.query(q)
  File "C:\Users\bbde1\AppData\Local\Programs\Python\Python310\lib\site-packages\MySQLdb\connections.py", line 254, in query
    _mysql.connection.query(self, query)
MySQLdb.ProgrammingError: (1064, <NULL>)
2022-06-27 16:42:02 [scrapy.core.scraper] ERROR: Error processing {'ACADEMIC_ABILILTY': '학력무관',
 'AREA': '경기 성남시',
 'CARRER': '경력',
 'COMPANY': '아이디어콘서트',
 'EMPLOYMENT_TYPE': '정규직 외',
 'OTHER_CONTENTS': '모바일앱개발, 소프트웨어개발',
 'RECUITMENT_PERIOD': '~07/15(금)',
 'TITLE': '프론트백앤드, 딥러닝, 풀스택 개발자모집/경력자우대, 능력급여\r\n                            ',
 'URL': 'https://www.jobkorea.co.kr/Recruit/GI_Read/38732878?Oem_Code=C1&logpath=1&stext=파이썬&listno=49'}
Traceback (most recent call last):
  File "C:\Users\bbde1\AppData\Local\Programs\Python\Python310\lib\site-packages\twisted\internet\defer.py", line 857, in _runCallbacks
    current.result = callback(  # type: ignore[misc]
  File "C:\Users\bbde1\AppData\Local\Programs\Python\Python310\lib\site-packages\scrapy\utils\defer.py", line 162, in f
    return deferred_from_coro(coro_f(*coro_args, **coro_kwargs))
  File "C:\Users\bbde1\Desktop\crawling\Spirit\Fighting\pipelines.py", line 26, in process_item
    self.cursor.execute("select * from test1.spirit where spirit COMPANY = %s and TITLE = %s and CARRER = %s and ACADEMIC_ABILILTY = %s and EMPLOYMENT_TYPE = %s and AREA = %s and RECUITMENT_PERIOD = %s and OTHER_CONTENTS = %s and URL = %s  ",
  File "C:\Users\bbde1\AppData\Local\Programs\Python\Python310\lib\site-packages\MySQLdb\cursors.py", line 206, in execute
    res = self._query(query)
  File "C:\Users\bbde1\AppData\Local\Programs\Python\Python310\lib\site-packages\MySQLdb\cursors.py", line 319, in _query
    db.query(q)
  File "C:\Users\bbde1\AppData\Local\Programs\Python\Python310\lib\site-packages\MySQLdb\connections.py", line 254, in query
    _mysql.connection.query(self, query)
MySQLdb.ProgrammingError: (1064, <NULL>)
2022-06-27 16:42:02 [scrapy.core.scraper] ERROR: Error processing {'ACADEMIC_ABILILTY': '학력무관',
 'AREA': '서울 성동구',
 'CARRER': '경력',
 'COMPANY': '㈜마이클컴퍼니',
 'EMPLOYMENT_TYPE': '정규직',
 'OTHER_CONTENTS': '인터넷교육, 취업포털, 커뮤니티, 컨텐츠, 포털, 웹프로그래머, Java, jsp, MySQL, '
                   'Servlet, 웹접근성, 웹퍼블리셔, 자바스크립트, CSS3, HTML5, 모바일UI, 웹UI, '
                   '일러스트레이터, 포토샵, UI·UX디자인',
 'RECUITMENT_PERIOD': '~07/10(일)',
 'TITLE': '백엔드, 프론트엔드 개발자 / 웹 디자이너 모집(경력)\r\n                            ',
 'URL': 'https://www.jobkorea.co.kr/Recruit/GI_Read/38667034?Oem_Code=C1&logpath=1&stext=파이썬&listno=50'}
Traceback (most recent call last):
  File "C:\Users\bbde1\AppData\Local\Programs\Python\Python310\lib\site-packages\twisted\internet\defer.py", line 857, in _runCallbacks
    current.result = callback(  # type: ignore[misc]
  File "C:\Users\bbde1\AppData\Local\Programs\Python\Python310\lib\site-packages\scrapy\utils\defer.py", line 162, in f
    return deferred_from_coro(coro_f(*coro_args, **coro_kwargs))
  File "C:\Users\bbde1\Desktop\crawling\Spirit\Fighting\pipelines.py", line 26, in process_item
    self.cursor.execute("select * from test1.spirit where spirit COMPANY = %s and TITLE = %s and CARRER = %s and ACADEMIC_ABILILTY = %s and EMPLOYMENT_TYPE = %s and AREA = %s and RECUITMENT_PERIOD = %s and OTHER_CONTENTS = %s and URL = %s  ",
  File "C:\Users\bbde1\AppData\Local\Programs\Python\Python310\lib\site-packages\MySQLdb\cursors.py", line 206, in execute
    res = self._query(query)
  File "C:\Users\bbde1\AppData\Local\Programs\Python\Python310\lib\site-packages\MySQLdb\cursors.py", line 319, in _query
    db.query(q)
  File "C:\Users\bbde1\AppData\Local\Programs\Python\Python310\lib\site-packages\MySQLdb\connections.py", line 254, in query
    _mysql.connection.query(self, query)
MySQLdb.ProgrammingError: (1064, <NULL>)
2022-06-27 16:42:02 [scrapy.core.scraper] ERROR: Error processing {'ACADEMIC_ABILILTY': '학력무관',
 'AREA': '서울 구로구',
 'CARRER': '신입·경력',
 'COMPANY': '(주)씨앤앨',
 'EMPLOYMENT_TYPE': '정규직 외',
 'OTHER_CONTENTS': 'IOS, 쇼핑몰, 전자상거래, B2B, B2C, 웹프로그래머, Java, MySQL, php, Ruby',
 'RECUITMENT_PERIOD': '상시채용',
 'TITLE': 'PHP / iOS 신입/경력 개발자 채용\r\n                            ',
 'URL': 'https://www.jobkorea.co.kr/Recruit/GI_Read/38605125?Oem_Code=C1&logpath=1&stext=파이썬&listno=51'}
Traceback (most recent call last):
  File "C:\Users\bbde1\AppData\Local\Programs\Python\Python310\lib\site-packages\twisted\internet\defer.py", line 857, in _runCallbacks
    current.result = callback(  # type: ignore[misc]
  File "C:\Users\bbde1\AppData\Local\Programs\Python\Python310\lib\site-packages\scrapy\utils\defer.py", line 162, in f
    return deferred_from_coro(coro_f(*coro_args, **coro_kwargs))
  File "C:\Users\bbde1\Desktop\crawling\Spirit\Fighting\pipelines.py", line 26, in process_item
    self.cursor.execute("select * from test1.spirit where spirit COMPANY = %s and TITLE = %s and CARRER = %s and ACADEMIC_ABILILTY = %s and EMPLOYMENT_TYPE = %s and AREA = %s and RECUITMENT_PERIOD = %s and OTHER_CONTENTS = %s and URL = %s  ",
  File "C:\Users\bbde1\AppData\Local\Programs\Python\Python310\lib\site-packages\MySQLdb\cursors.py", line 206, in execute
    res = self._query(query)
  File "C:\Users\bbde1\AppData\Local\Programs\Python\Python310\lib\site-packages\MySQLdb\cursors.py", line 319, in _query
    db.query(q)
  File "C:\Users\bbde1\AppData\Local\Programs\Python\Python310\lib\site-packages\MySQLdb\connections.py", line 254, in query
    _mysql.connection.query(self, query)
MySQLdb.ProgrammingError: (1064, "You have an error in your SQL syntax; check the manual that corresponds to your MySQL server version for the right syntax to use near 'COMPANY = '(' and TITLE = 'P' and CARRER = '신' and ACADEMIC_ABILILTY = '학' a' at line 1")
2022-06-27 16:42:02 [scrapy.core.scraper] ERROR: Error processing {'ACADEMIC_ABILILTY': '학력무관',
 'AREA': '서울 금천구',
 'CARRER': '경력1년↑',
 'COMPANY': '(주)에피치오',
 'EMPLOYMENT_TYPE': '정규직',
 'OTHER_CONTENTS': '사업계획서, 정부지원사업, 광고기획, 광고대행, 광고디자인, 온라인광고, 홍보대행, 문서작성',
 'RECUITMENT_PERIOD': '~08/25(목)',
 'TITLE': '정부지원사업 관리 및 사업계획서 작성자 모집\r\n                            ',
 'URL': 'https://www.jobkorea.co.kr/Recruit/GI_Read/38545378?Oem_Code=C1&logpath=1&stext=파이썬&listno=52'}
Traceback (most recent call last):
  File "C:\Users\bbde1\AppData\Local\Programs\Python\Python310\lib\site-packages\twisted\internet\defer.py", line 857, in _runCallbacks
    current.result = callback(  # type: ignore[misc]
  File "C:\Users\bbde1\AppData\Local\Programs\Python\Python310\lib\site-packages\scrapy\utils\defer.py", line 162, in f
    return deferred_from_coro(coro_f(*coro_args, **coro_kwargs))
  File "C:\Users\bbde1\Desktop\crawling\Spirit\Fighting\pipelines.py", line 26, in process_item
    self.cursor.execute("select * from test1.spirit where spirit COMPANY = %s and TITLE = %s and CARRER = %s and ACADEMIC_ABILILTY = %s and EMPLOYMENT_TYPE = %s and AREA = %s and RECUITMENT_PERIOD = %s and OTHER_CONTENTS = %s and URL = %s  ",
  File "C:\Users\bbde1\AppData\Local\Programs\Python\Python310\lib\site-packages\MySQLdb\cursors.py", line 206, in execute
    res = self._query(query)
  File "C:\Users\bbde1\AppData\Local\Programs\Python\Python310\lib\site-packages\MySQLdb\cursors.py", line 319, in _query
    db.query(q)
  File "C:\Users\bbde1\AppData\Local\Programs\Python\Python310\lib\site-packages\MySQLdb\connections.py", line 254, in query
    _mysql.connection.query(self, query)
MySQLdb.ProgrammingError: (1064, "You have an error in your SQL syntax; check the manual that corresponds to your MySQL server version for the right syntax to use near 'COMPANY = '(' and TITLE = '정' and CARRER = '경' and ACADEMIC_ABILILTY = '학'' at line 1")
2022-06-27 16:42:02 [scrapy.core.scraper] ERROR: Error processing {'ACADEMIC_ABILILTY': '학력무관',
 'AREA': '서울 강남구',
 'CARRER': '신입·경력3년↑',
 'COMPANY': '㈜리눅스긱',
 'EMPLOYMENT_TYPE': '정규직 외',
 'OTHER_CONTENTS': '소프트웨어개발',
 'RECUITMENT_PERIOD': '~07/31(일)',
 'TITLE': '웹개발자 채용공고\r\n                            ',
 'URL': 'https://www.jobkorea.co.kr/Recruit/GI_Read/38512822?Oem_Code=C1&logpath=1&stext=파이썬&listno=53'}
Traceback (most recent call last):
  File "C:\Users\bbde1\AppData\Local\Programs\Python\Python310\lib\site-packages\twisted\internet\defer.py", line 857, in _runCallbacks
    current.result = callback(  # type: ignore[misc]
  File "C:\Users\bbde1\AppData\Local\Programs\Python\Python310\lib\site-packages\scrapy\utils\defer.py", line 162, in f
    return deferred_from_coro(coro_f(*coro_args, **coro_kwargs))
  File "C:\Users\bbde1\Desktop\crawling\Spirit\Fighting\pipelines.py", line 26, in process_item
    self.cursor.execute("select * from test1.spirit where spirit COMPANY = %s and TITLE = %s and CARRER = %s and ACADEMIC_ABILILTY = %s and EMPLOYMENT_TYPE = %s and AREA = %s and RECUITMENT_PERIOD = %s and OTHER_CONTENTS = %s and URL = %s  ",
  File "C:\Users\bbde1\AppData\Local\Programs\Python\Python310\lib\site-packages\MySQLdb\cursors.py", line 206, in execute
    res = self._query(query)
  File "C:\Users\bbde1\AppData\Local\Programs\Python\Python310\lib\site-packages\MySQLdb\cursors.py", line 319, in _query
    db.query(q)
  File "C:\Users\bbde1\AppData\Local\Programs\Python\Python310\lib\site-packages\MySQLdb\connections.py", line 254, in query
    _mysql.connection.query(self, query)
MySQLdb.ProgrammingError: (1064, <NULL>)
2022-06-27 16:42:02 [scrapy.core.scraper] ERROR: Error processing {'ACADEMIC_ABILILTY': '학력무관',
 'AREA': '서울 중구',
 'CARRER': '경력3년↑',
 'COMPANY': '라이언로켓',
 'EMPLOYMENT_TYPE': '정규직',
 'OTHER_CONTENTS': '소프트웨어개발',
 'RECUITMENT_PERIOD': '~08/18(목)',
 'TITLE': '[라이언로켓] 백엔드 개발자 채용 (경력)\r\n                            ',
 'URL': 'https://www.jobkorea.co.kr/Recruit/GI_Read/38465175?Oem_Code=C1&logpath=1&stext=파이썬&listno=54'}
Traceback (most recent call last):
  File "C:\Users\bbde1\AppData\Local\Programs\Python\Python310\lib\site-packages\twisted\internet\defer.py", line 857, in _runCallbacks
    current.result = callback(  # type: ignore[misc]
  File "C:\Users\bbde1\AppData\Local\Programs\Python\Python310\lib\site-packages\scrapy\utils\defer.py", line 162, in f
    return deferred_from_coro(coro_f(*coro_args, **coro_kwargs))
  File "C:\Users\bbde1\Desktop\crawling\Spirit\Fighting\pipelines.py", line 26, in process_item
    self.cursor.execute("select * from test1.spirit where spirit COMPANY = %s and TITLE = %s and CARRER = %s and ACADEMIC_ABILILTY = %s and EMPLOYMENT_TYPE = %s and AREA = %s and RECUITMENT_PERIOD = %s and OTHER_CONTENTS = %s and URL = %s  ",
  File "C:\Users\bbde1\AppData\Local\Programs\Python\Python310\lib\site-packages\MySQLdb\cursors.py", line 206, in execute
    res = self._query(query)
  File "C:\Users\bbde1\AppData\Local\Programs\Python\Python310\lib\site-packages\MySQLdb\cursors.py", line 319, in _query
    db.query(q)
  File "C:\Users\bbde1\AppData\Local\Programs\Python\Python310\lib\site-packages\MySQLdb\connections.py", line 254, in query
    _mysql.connection.query(self, query)
MySQLdb.ProgrammingError: (1064, "You have an error in your SQL syntax; check the manual that corresponds to your MySQL server version for the right syntax to use near 'COMPANY = '라' and TITLE = '[' and CARRER = '경' and ACADEMIC_ABILILTY = '학'' at line 1")
2022-06-27 16:42:02 [scrapy.core.scraper] ERROR: Error processing {'ACADEMIC_ABILILTY': '학력무관',
 'AREA': '서울 강남구',
 'CARRER': '경력',
 'COMPANY': '쿼드마이너',
 'EMPLOYMENT_TYPE': '정규직',
 'OTHER_CONTENTS': 'Restfull API 개발, 데이터베이스(Postgresql), 시스템간 파이프라인 개발, 정보보안',
 'RECUITMENT_PERIOD': '~08/17(수)',
 'TITLE': '업계 최고 대우로 백엔드 개발자를 모십니다.\r\n                            ',
 'URL': 'https://www.jobkorea.co.kr/Recruit/GI_Read/38450109?Oem_Code=C1&logpath=1&stext=파이썬&listno=55'}
Traceback (most recent call last):
  File "C:\Users\bbde1\AppData\Local\Programs\Python\Python310\lib\site-packages\twisted\internet\defer.py", line 857, in _runCallbacks
    current.result = callback(  # type: ignore[misc]
  File "C:\Users\bbde1\AppData\Local\Programs\Python\Python310\lib\site-packages\scrapy\utils\defer.py", line 162, in f
    return deferred_from_coro(coro_f(*coro_args, **coro_kwargs))
  File "C:\Users\bbde1\Desktop\crawling\Spirit\Fighting\pipelines.py", line 26, in process_item
    self.cursor.execute("select * from test1.spirit where spirit COMPANY = %s and TITLE = %s and CARRER = %s and ACADEMIC_ABILILTY = %s and EMPLOYMENT_TYPE = %s and AREA = %s and RECUITMENT_PERIOD = %s and OTHER_CONTENTS = %s and URL = %s  ",
  File "C:\Users\bbde1\AppData\Local\Programs\Python\Python310\lib\site-packages\MySQLdb\cursors.py", line 206, in execute
    res = self._query(query)
  File "C:\Users\bbde1\AppData\Local\Programs\Python\Python310\lib\site-packages\MySQLdb\cursors.py", line 319, in _query
    db.query(q)
  File "C:\Users\bbde1\AppData\Local\Programs\Python\Python310\lib\site-packages\MySQLdb\connections.py", line 254, in query
    _mysql.connection.query(self, query)
MySQLdb.ProgrammingError: (1064, <NULL>)
2022-06-27 16:42:02 [scrapy.core.scraper] ERROR: Error processing {'ACADEMIC_ABILILTY': '학력무관',
 'AREA': '경북 경산시 외',
 'CARRER': '신입·경력',
 'COMPANY': '㈜테이큰소프트',
 'EMPLOYMENT_TYPE': '정규직',
 'OTHER_CONTENTS': '소프트웨어개발, 솔루션, BigData, DataMining, SI, 응용프로그래머, 인공지능(AI), '
                   '머신러닝(ML), 딥러닝, tensorflow, 데이터분석',
 'RECUITMENT_PERIOD': '~08/14(일)',
 'TITLE': '[신입/경력] 데이터분석 인재 채용\r\n                            ',
 'URL': 'https://www.jobkorea.co.kr/Recruit/GI_Read/38408308?Oem_Code=C1&logpath=1&stext=파이썬&listno=56'}
Traceback (most recent call last):
  File "C:\Users\bbde1\AppData\Local\Programs\Python\Python310\lib\site-packages\twisted\internet\defer.py", line 857, in _runCallbacks
    current.result = callback(  # type: ignore[misc]
  File "C:\Users\bbde1\AppData\Local\Programs\Python\Python310\lib\site-packages\scrapy\utils\defer.py", line 162, in f
    return deferred_from_coro(coro_f(*coro_args, **coro_kwargs))
  File "C:\Users\bbde1\Desktop\crawling\Spirit\Fighting\pipelines.py", line 26, in process_item
    self.cursor.execute("select * from test1.spirit where spirit COMPANY = %s and TITLE = %s and CARRER = %s and ACADEMIC_ABILILTY = %s and EMPLOYMENT_TYPE = %s and AREA = %s and RECUITMENT_PERIOD = %s and OTHER_CONTENTS = %s and URL = %s  ",
  File "C:\Users\bbde1\AppData\Local\Programs\Python\Python310\lib\site-packages\MySQLdb\cursors.py", line 206, in execute
    res = self._query(query)
  File "C:\Users\bbde1\AppData\Local\Programs\Python\Python310\lib\site-packages\MySQLdb\cursors.py", line 319, in _query
    db.query(q)
  File "C:\Users\bbde1\AppData\Local\Programs\Python\Python310\lib\site-packages\MySQLdb\connections.py", line 254, in query
    _mysql.connection.query(self, query)
MySQLdb.ProgrammingError: (1064, "You have an error in your SQL syntax; check the manual that corresponds to your MySQL server version for the right syntax to use near 'COMPANY = '㈜' and TITLE = '[' and CARRER = '신' and ACADEMIC_ABILILTY = '학'' at line 1")
2022-06-27 16:42:02 [scrapy.core.scraper] ERROR: Error processing {'ACADEMIC_ABILILTY': '학력무관',
 'AREA': '서울 강서구',
 'CARRER': '경력2년↑',
 'COMPANY': '㈜알차다',
 'EMPLOYMENT_TYPE': '정규직',
 'OTHER_CONTENTS': 'Sketch, zeplin, UI·UX디자인, figma, Adobe XD, 모바일앱개발, '
                   '소프트웨어개발, 모바일UI, 웹UI, 일러스트레이터, 포토샵, UI·UX디자인',
 'RECUITMENT_PERIOD': '~08/10(수)',
 'TITLE': 'WEB / APP UX/UI 디자이너를 모집합니다\r\n                            ',
 'URL': 'https://www.jobkorea.co.kr/Recruit/GI_Read/38376105?Oem_Code=C1&logpath=1&stext=파이썬&listno=57'}
Traceback (most recent call last):
  File "C:\Users\bbde1\AppData\Local\Programs\Python\Python310\lib\site-packages\twisted\internet\defer.py", line 857, in _runCallbacks
    current.result = callback(  # type: ignore[misc]
  File "C:\Users\bbde1\AppData\Local\Programs\Python\Python310\lib\site-packages\scrapy\utils\defer.py", line 162, in f
    return deferred_from_coro(coro_f(*coro_args, **coro_kwargs))
  File "C:\Users\bbde1\Desktop\crawling\Spirit\Fighting\pipelines.py", line 26, in process_item
    self.cursor.execute("select * from test1.spirit where spirit COMPANY = %s and TITLE = %s and CARRER = %s and ACADEMIC_ABILILTY = %s and EMPLOYMENT_TYPE = %s and AREA = %s and RECUITMENT_PERIOD = %s and OTHER_CONTENTS = %s and URL = %s  ",
  File "C:\Users\bbde1\AppData\Local\Programs\Python\Python310\lib\site-packages\MySQLdb\cursors.py", line 206, in execute
    res = self._query(query)
  File "C:\Users\bbde1\AppData\Local\Programs\Python\Python310\lib\site-packages\MySQLdb\cursors.py", line 319, in _query
    db.query(q)
  File "C:\Users\bbde1\AppData\Local\Programs\Python\Python310\lib\site-packages\MySQLdb\connections.py", line 254, in query
    _mysql.connection.query(self, query)
MySQLdb.ProgrammingError: (1064, "You have an error in your SQL syntax; check the manual that corresponds to your MySQL server version for the right syntax to use near 'COMPANY = '㈜' and TITLE = 'W' and CARRER = '경' and ACADEMIC_ABILILTY = '학'' at line 1")
2022-06-27 16:42:02 [scrapy.core.scraper] ERROR: Error processing {'ACADEMIC_ABILILTY': '학력무관',
 'AREA': '대전 유성구',
 'CARRER': '경력',
 'COMPANY': '㈜포이',
 'EMPLOYMENT_TYPE': '정규직',
 'OTHER_CONTENTS': '소프트웨어개발, 웹프로그래머, Java, jsp',
 'RECUITMENT_PERIOD': '~08/07(일)',
 'TITLE': '(주) 포이 - 백엔드 개발자 채용\r\n                            ',
 'URL': 'https://www.jobkorea.co.kr/Recruit/GI_Read/38326451?Oem_Code=C1&logpath=1&stext=파이썬&listno=58'}
Traceback (most recent call last):
  File "C:\Users\bbde1\AppData\Local\Programs\Python\Python310\lib\site-packages\twisted\internet\defer.py", line 857, in _runCallbacks
    current.result = callback(  # type: ignore[misc]
  File "C:\Users\bbde1\AppData\Local\Programs\Python\Python310\lib\site-packages\scrapy\utils\defer.py", line 162, in f
    return deferred_from_coro(coro_f(*coro_args, **coro_kwargs))
  File "C:\Users\bbde1\Desktop\crawling\Spirit\Fighting\pipelines.py", line 26, in process_item
    self.cursor.execute("select * from test1.spirit where spirit COMPANY = %s and TITLE = %s and CARRER = %s and ACADEMIC_ABILILTY = %s and EMPLOYMENT_TYPE = %s and AREA = %s and RECUITMENT_PERIOD = %s and OTHER_CONTENTS = %s and URL = %s  ",
  File "C:\Users\bbde1\AppData\Local\Programs\Python\Python310\lib\site-packages\MySQLdb\cursors.py", line 206, in execute
    res = self._query(query)
  File "C:\Users\bbde1\AppData\Local\Programs\Python\Python310\lib\site-packages\MySQLdb\cursors.py", line 319, in _query
    db.query(q)
  File "C:\Users\bbde1\AppData\Local\Programs\Python\Python310\lib\site-packages\MySQLdb\connections.py", line 254, in query
    _mysql.connection.query(self, query)
MySQLdb.ProgrammingError: (1064, "You have an error in your SQL syntax; check the manual that corresponds to your MySQL server version for the right syntax to use near 'COMPANY = '㈜' and TITLE = '(' and CARRER = '경' and ACADEMIC_ABILILTY = '학'' at line 1")
2022-06-27 16:42:02 [scrapy.core.scraper] ERROR: Error processing {'ACADEMIC_ABILILTY': '학력무관',
 'AREA': '서울 종로구',
 'CARRER': '경력',
 'COMPANY': '㈜메타넷티플랫폼',
 'EMPLOYMENT_TYPE': '정규직',
 'OTHER_CONTENTS': '스토리지, 유지보수, 하드웨어, 데이터베이스',
 'RECUITMENT_PERIOD': '~08/07(일)',
 'TITLE': '[메타넷티플랫폼] GCP Engineer 채용\r\n                            ',
 'URL': 'https://www.jobkorea.co.kr/Recruit/GI_Read/38321882?Oem_Code=C1&logpath=1&stext=파이썬&listno=59'}
Traceback (most recent call last):
  File "C:\Users\bbde1\AppData\Local\Programs\Python\Python310\lib\site-packages\twisted\internet\defer.py", line 857, in _runCallbacks
    current.result = callback(  # type: ignore[misc]
  File "C:\Users\bbde1\AppData\Local\Programs\Python\Python310\lib\site-packages\scrapy\utils\defer.py", line 162, in f
    return deferred_from_coro(coro_f(*coro_args, **coro_kwargs))
  File "C:\Users\bbde1\Desktop\crawling\Spirit\Fighting\pipelines.py", line 26, in process_item
    self.cursor.execute("select * from test1.spirit where spirit COMPANY = %s and TITLE = %s and CARRER = %s and ACADEMIC_ABILILTY = %s and EMPLOYMENT_TYPE = %s and AREA = %s and RECUITMENT_PERIOD = %s and OTHER_CONTENTS = %s and URL = %s  ",
  File "C:\Users\bbde1\AppData\Local\Programs\Python\Python310\lib\site-packages\MySQLdb\cursors.py", line 206, in execute
    res = self._query(query)
  File "C:\Users\bbde1\AppData\Local\Programs\Python\Python310\lib\site-packages\MySQLdb\cursors.py", line 319, in _query
    db.query(q)
  File "C:\Users\bbde1\AppData\Local\Programs\Python\Python310\lib\site-packages\MySQLdb\connections.py", line 254, in query
    _mysql.connection.query(self, query)
MySQLdb.ProgrammingError: (1064, "You have an error in your SQL syntax; check the manual that corresponds to your MySQL server version for the right syntax to use near 'COMPANY = '㈜' and TITLE = '[' and CARRER = '경' and ACADEMIC_ABILILTY = '학'' at line 1")
2022-06-27 16:42:02 [scrapy.core.engine] DEBUG: Crawled (200) <GET https://www.jobkorea.co.kr/Search/?stext=%ED%8C%8C%EC%9D%B4%EC%8D%AC&careerType=2&careerMin=1&careerMax=5&edu=0&payType=1&payMin=2500&payMax=3000&recruit&Page_No=2> (referer: None)
2022-06-27 16:42:02 [scrapy.core.scraper] ERROR: Error processing {'ACADEMIC_ABILILTY': '학력무관',
 'AREA': '서울 마포구',
 'CARRER': '경력1년↑',
 'COMPANY': '㈜나무에이아이',
 'EMPLOYMENT_TYPE': '정규직',
 'OTHER_CONTENTS': '모바일앱개발, 소프트웨어개발, 솔루션, CRM',
 'RECUITMENT_PERIOD': '~08/02(화)',
 'TITLE': '웹 백엔드 개발자 모집\r\n                            ',
 'URL': 'https://www.jobkorea.co.kr/Recruit/GI_Read/38290169?Oem_Code=C1&logpath=1&stext=파이썬&listno=60'}
Traceback (most recent call last):
  File "C:\Users\bbde1\AppData\Local\Programs\Python\Python310\lib\site-packages\twisted\internet\defer.py", line 857, in _runCallbacks
    current.result = callback(  # type: ignore[misc]
  File "C:\Users\bbde1\AppData\Local\Programs\Python\Python310\lib\site-packages\scrapy\utils\defer.py", line 162, in f
    return deferred_from_coro(coro_f(*coro_args, **coro_kwargs))
  File "C:\Users\bbde1\Desktop\crawling\Spirit\Fighting\pipelines.py", line 26, in process_item
    self.cursor.execute("select * from test1.spirit where spirit COMPANY = %s and TITLE = %s and CARRER = %s and ACADEMIC_ABILILTY = %s and EMPLOYMENT_TYPE = %s and AREA = %s and RECUITMENT_PERIOD = %s and OTHER_CONTENTS = %s and URL = %s  ",
  File "C:\Users\bbde1\AppData\Local\Programs\Python\Python310\lib\site-packages\MySQLdb\cursors.py", line 206, in execute
    res = self._query(query)
  File "C:\Users\bbde1\AppData\Local\Programs\Python\Python310\lib\site-packages\MySQLdb\cursors.py", line 319, in _query
    db.query(q)
  File "C:\Users\bbde1\AppData\Local\Programs\Python\Python310\lib\site-packages\MySQLdb\connections.py", line 254, in query
    _mysql.connection.query(self, query)
MySQLdb.ProgrammingError: (1064, <NULL>)
2022-06-27 16:42:02 [scrapy.core.scraper] ERROR: Error processing {'ACADEMIC_ABILILTY': '학력무관',
 'AREA': '서울 영등포구',
 'CARRER': '신입·경력3년↑',
 'COMPANY': '비즈플러그',
 'EMPLOYMENT_TYPE': '정규직',
 'OTHER_CONTENTS': '솔루션, BI, BigData, OLAP, 웹프로그래머, Java, jsp, Python, SQL',
 'RECUITMENT_PERIOD': '~07/08(금)',
 'TITLE': '웹프로그래머 신입, 경력사원을 모십니다.\r\n                            ',
 'URL': 'https://www.jobkorea.co.kr/Recruit/GI_Read/38572586?Oem_Code=C1&logpath=1&stext=파이썬&listno=21'}
Traceback (most recent call last):
  File "C:\Users\bbde1\AppData\Local\Programs\Python\Python310\lib\site-packages\twisted\internet\defer.py", line 857, in _runCallbacks
    current.result = callback(  # type: ignore[misc]
  File "C:\Users\bbde1\AppData\Local\Programs\Python\Python310\lib\site-packages\scrapy\utils\defer.py", line 162, in f
    return deferred_from_coro(coro_f(*coro_args, **coro_kwargs))
  File "C:\Users\bbde1\Desktop\crawling\Spirit\Fighting\pipelines.py", line 26, in process_item
    self.cursor.execute("select * from test1.spirit where spirit COMPANY = %s and TITLE = %s and CARRER = %s and ACADEMIC_ABILILTY = %s and EMPLOYMENT_TYPE = %s and AREA = %s and RECUITMENT_PERIOD = %s and OTHER_CONTENTS = %s and URL = %s  ",
  File "C:\Users\bbde1\AppData\Local\Programs\Python\Python310\lib\site-packages\MySQLdb\cursors.py", line 206, in execute
    res = self._query(query)
  File "C:\Users\bbde1\AppData\Local\Programs\Python\Python310\lib\site-packages\MySQLdb\cursors.py", line 319, in _query
    db.query(q)
  File "C:\Users\bbde1\AppData\Local\Programs\Python\Python310\lib\site-packages\MySQLdb\connections.py", line 254, in query
    _mysql.connection.query(self, query)
MySQLdb.ProgrammingError: (1064, <NULL>)
2022-06-27 16:42:02 [scrapy.core.scraper] ERROR: Error processing {'ACADEMIC_ABILILTY': '학력무관',
 'AREA': '서울 강남구',
 'CARRER': '경력3년↑',
 'COMPANY': '플루토스디에스㈜',
 'EMPLOYMENT_TYPE': '정규직',
 'OTHER_CONTENTS': 'django, FLASK, kafka, Python',
 'RECUITMENT_PERIOD': '상시채용',
 'TITLE': '[한빗코]가상자산 거래소 백엔드 개발자(Back-end developer) 경력직 채용 공고\r\n'
          '                            ',
 'URL': 'https://www.jobkorea.co.kr/Recruit/GI_Read/38536339?Oem_Code=C1&logpath=1&stext=파이썬&listno=22'}
Traceback (most recent call last):
  File "C:\Users\bbde1\AppData\Local\Programs\Python\Python310\lib\site-packages\twisted\internet\defer.py", line 857, in _runCallbacks
    current.result = callback(  # type: ignore[misc]
  File "C:\Users\bbde1\AppData\Local\Programs\Python\Python310\lib\site-packages\scrapy\utils\defer.py", line 162, in f
    return deferred_from_coro(coro_f(*coro_args, **coro_kwargs))
  File "C:\Users\bbde1\Desktop\crawling\Spirit\Fighting\pipelines.py", line 26, in process_item
    self.cursor.execute("select * from test1.spirit where spirit COMPANY = %s and TITLE = %s and CARRER = %s and ACADEMIC_ABILILTY = %s and EMPLOYMENT_TYPE = %s and AREA = %s and RECUITMENT_PERIOD = %s and OTHER_CONTENTS = %s and URL = %s  ",
  File "C:\Users\bbde1\AppData\Local\Programs\Python\Python310\lib\site-packages\MySQLdb\cursors.py", line 206, in execute
    res = self._query(query)
  File "C:\Users\bbde1\AppData\Local\Programs\Python\Python310\lib\site-packages\MySQLdb\cursors.py", line 319, in _query
    db.query(q)
  File "C:\Users\bbde1\AppData\Local\Programs\Python\Python310\lib\site-packages\MySQLdb\connections.py", line 254, in query
    _mysql.connection.query(self, query)
MySQLdb.ProgrammingError: (1064, "You have an error in your SQL syntax; check the manual that corresponds to your MySQL server version for the right syntax to use near 'COMPANY = '플' and TITLE = '[' and CARRER = '경' and ACADEMIC_ABILILTY = '학'' at line 1")
2022-06-27 16:42:02 [scrapy.core.scraper] ERROR: Error processing {'ACADEMIC_ABILILTY': '학력무관',
 'AREA': '경북 구미시',
 'CARRER': '신입·경력1년↑',
 'COMPANY': '㈜인삼육오',
 'EMPLOYMENT_TYPE': '정규직 외',
 'OTHER_CONTENTS': '소프트웨어개발, API, C#, C++, Java, Python, 시스템프로그래머, Python, '
                   '빅데이터, 머신러닝(ML)',
 'RECUITMENT_PERIOD': '상시채용',
 'TITLE': '소프트웨어개발 업무 담당자 모집\r\n                            ',
 'URL': 'https://www.jobkorea.co.kr/Recruit/GI_Read/38535862?Oem_Code=C1&logpath=1&stext=파이썬&listno=23'}
Traceback (most recent call last):
  File "C:\Users\bbde1\AppData\Local\Programs\Python\Python310\lib\site-packages\twisted\internet\defer.py", line 857, in _runCallbacks
    current.result = callback(  # type: ignore[misc]
  File "C:\Users\bbde1\AppData\Local\Programs\Python\Python310\lib\site-packages\scrapy\utils\defer.py", line 162, in f
    return deferred_from_coro(coro_f(*coro_args, **coro_kwargs))
  File "C:\Users\bbde1\Desktop\crawling\Spirit\Fighting\pipelines.py", line 26, in process_item
    self.cursor.execute("select * from test1.spirit where spirit COMPANY = %s and TITLE = %s and CARRER = %s and ACADEMIC_ABILILTY = %s and EMPLOYMENT_TYPE = %s and AREA = %s and RECUITMENT_PERIOD = %s and OTHER_CONTENTS = %s and URL = %s  ",
  File "C:\Users\bbde1\AppData\Local\Programs\Python\Python310\lib\site-packages\MySQLdb\cursors.py", line 206, in execute
    res = self._query(query)
  File "C:\Users\bbde1\AppData\Local\Programs\Python\Python310\lib\site-packages\MySQLdb\cursors.py", line 319, in _query
    db.query(q)
  File "C:\Users\bbde1\AppData\Local\Programs\Python\Python310\lib\site-packages\MySQLdb\connections.py", line 254, in query
    _mysql.connection.query(self, query)
MySQLdb.ProgrammingError: (1064, <NULL>)
2022-06-27 16:42:02 [scrapy.core.scraper] ERROR: Error processing {'ACADEMIC_ABILILTY': '학력무관',
 'AREA': '서울 강남구',
 'CARRER': '경력3년↑',
 'COMPANY': '㈜머지리티',
 'EMPLOYMENT_TYPE': '정규직',
 'OTHER_CONTENTS': '모바일앱개발, 소프트웨어개발, 웹프로그래머, Python, Python, 인공지능(AI), 데이터분석',
 'RECUITMENT_PERIOD': '~06/30(목)',
 'TITLE': '[AI] Data management 개발자 모집\r\n                            ',
 'URL': 'https://www.jobkorea.co.kr/Recruit/GI_Read/38519145?Oem_Code=C1&logpath=1&stext=파이썬&listno=24'}
Traceback (most recent call last):
  File "C:\Users\bbde1\AppData\Local\Programs\Python\Python310\lib\site-packages\twisted\internet\defer.py", line 857, in _runCallbacks
    current.result = callback(  # type: ignore[misc]
  File "C:\Users\bbde1\AppData\Local\Programs\Python\Python310\lib\site-packages\scrapy\utils\defer.py", line 162, in f
    return deferred_from_coro(coro_f(*coro_args, **coro_kwargs))
  File "C:\Users\bbde1\Desktop\crawling\Spirit\Fighting\pipelines.py", line 26, in process_item
    self.cursor.execute("select * from test1.spirit where spirit COMPANY = %s and TITLE = %s and CARRER = %s and ACADEMIC_ABILILTY = %s and EMPLOYMENT_TYPE = %s and AREA = %s and RECUITMENT_PERIOD = %s and OTHER_CONTENTS = %s and URL = %s  ",
  File "C:\Users\bbde1\AppData\Local\Programs\Python\Python310\lib\site-packages\MySQLdb\cursors.py", line 206, in execute
    res = self._query(query)
  File "C:\Users\bbde1\AppData\Local\Programs\Python\Python310\lib\site-packages\MySQLdb\cursors.py", line 319, in _query
    db.query(q)
  File "C:\Users\bbde1\AppData\Local\Programs\Python\Python310\lib\site-packages\MySQLdb\connections.py", line 254, in query
    _mysql.connection.query(self, query)
MySQLdb.ProgrammingError: (1064, "You have an error in your SQL syntax; check the manual that corresponds to your MySQL server version for the right syntax to use near 'COMPANY = '㈜' and TITLE = '[' and CARRER = '경' and ACADEMIC_ABILILTY = '학'' at line 1")
2022-06-27 16:42:02 [scrapy.core.engine] DEBUG: Crawled (200) <GET https://www.jobkorea.co.kr/Search/?stext=%ED%8C%8C%EC%9D%B4%EC%8D%AC&careerType=2&careerMin=1&careerMax=5&edu=0&payType=1&payMin=2500&payMax=3000&recruit&Page_No=4> (referer: None)
2022-06-27 16:42:02 [scrapy.core.scraper] ERROR: Error processing {'ACADEMIC_ABILILTY': '학력무관',
 'AREA': '서울 금천구',
 'CARRER': '신입·경력3년↑',
 'COMPANY': '㈜하이큐',
 'EMPLOYMENT_TYPE': '정규직 외',
 'OTHER_CONTENTS': '소프트웨어개발, 솔루션, ERP, SI, SM, 웹프로그래머, 응용프로그래머, Java, Python, '
                   '시스템분석, 시스템설계, 시스템엔지니어, 요구분석',
 'RECUITMENT_PERIOD': '~06/30(목)',
 'TITLE': '개발 신입 및 경력자 모집\r\n                            ',
 'URL': 'https://www.jobkorea.co.kr/Recruit/GI_Read/38516290?Oem_Code=C1&logpath=1&stext=파이썬&listno=25'}
Traceback (most recent call last):
  File "C:\Users\bbde1\AppData\Local\Programs\Python\Python310\lib\site-packages\twisted\internet\defer.py", line 857, in _runCallbacks
    current.result = callback(  # type: ignore[misc]
  File "C:\Users\bbde1\AppData\Local\Programs\Python\Python310\lib\site-packages\scrapy\utils\defer.py", line 162, in f
    return deferred_from_coro(coro_f(*coro_args, **coro_kwargs))
  File "C:\Users\bbde1\Desktop\crawling\Spirit\Fighting\pipelines.py", line 26, in process_item
    self.cursor.execute("select * from test1.spirit where spirit COMPANY = %s and TITLE = %s and CARRER = %s and ACADEMIC_ABILILTY = %s and EMPLOYMENT_TYPE = %s and AREA = %s and RECUITMENT_PERIOD = %s and OTHER_CONTENTS = %s and URL = %s  ",
  File "C:\Users\bbde1\AppData\Local\Programs\Python\Python310\lib\site-packages\MySQLdb\cursors.py", line 206, in execute
    res = self._query(query)
  File "C:\Users\bbde1\AppData\Local\Programs\Python\Python310\lib\site-packages\MySQLdb\cursors.py", line 319, in _query
    db.query(q)
  File "C:\Users\bbde1\AppData\Local\Programs\Python\Python310\lib\site-packages\MySQLdb\connections.py", line 254, in query
    _mysql.connection.query(self, query)
MySQLdb.ProgrammingError: (1064, <NULL>)
2022-06-27 16:42:02 [scrapy.core.scraper] ERROR: Error processing {'ACADEMIC_ABILILTY': '학력무관',
 'AREA': '경기 군포시',
 'CARRER': '신입·경력',
 'COMPANY': '새솔소프트',
 'EMPLOYMENT_TYPE': '정규직',
 'OTHER_CONTENTS': '웹에이전시, 웹프로덕션, 웹프로그래머, HTML, Java, MySQL, SQL, Java, Linux, '
                   'Python',
 'RECUITMENT_PERIOD': '~08/23(화)',
 'TITLE': '웹/시스템 개발 신입 및 경력 사원 모집\r\n                            ',
 'URL': 'https://www.jobkorea.co.kr/Recruit/GI_Read/38514525?Oem_Code=C1&logpath=1&stext=파이썬&listno=26'}
Traceback (most recent call last):
  File "C:\Users\bbde1\AppData\Local\Programs\Python\Python310\lib\site-packages\twisted\internet\defer.py", line 857, in _runCallbacks
    current.result = callback(  # type: ignore[misc]
  File "C:\Users\bbde1\AppData\Local\Programs\Python\Python310\lib\site-packages\scrapy\utils\defer.py", line 162, in f
    return deferred_from_coro(coro_f(*coro_args, **coro_kwargs))
  File "C:\Users\bbde1\Desktop\crawling\Spirit\Fighting\pipelines.py", line 26, in process_item
    self.cursor.execute("select * from test1.spirit where spirit COMPANY = %s and TITLE = %s and CARRER = %s and ACADEMIC_ABILILTY = %s and EMPLOYMENT_TYPE = %s and AREA = %s and RECUITMENT_PERIOD = %s and OTHER_CONTENTS = %s and URL = %s  ",
  File "C:\Users\bbde1\AppData\Local\Programs\Python\Python310\lib\site-packages\MySQLdb\cursors.py", line 206, in execute
    res = self._query(query)
  File "C:\Users\bbde1\AppData\Local\Programs\Python\Python310\lib\site-packages\MySQLdb\cursors.py", line 319, in _query
    db.query(q)
  File "C:\Users\bbde1\AppData\Local\Programs\Python\Python310\lib\site-packages\MySQLdb\connections.py", line 254, in query
    _mysql.connection.query(self, query)
MySQLdb.ProgrammingError: (1064, <NULL>)
2022-06-27 16:42:02 [scrapy.core.scraper] ERROR: Error processing {'ACADEMIC_ABILILTY': '학력무관',
 'AREA': '대전 중구 외',
 'CARRER': '경력2년↑',
 'COMPANY': '초록테크',
 'EMPLOYMENT_TYPE': '정규직',
 'OTHER_CONTENTS': '모바일, 스마트폰, 안드로이드, MySQL, SQL, 안드로이드, Java, Python, SQL',
 'RECUITMENT_PERIOD': '상시채용',
 'TITLE': '앱개발자 경력직 채용\r\n                            ',
 'URL': 'https://www.jobkorea.co.kr/Recruit/GI_Read/38510750?Oem_Code=C1&logpath=1&stext=파이썬&listno=27'}
Traceback (most recent call last):
  File "C:\Users\bbde1\AppData\Local\Programs\Python\Python310\lib\site-packages\twisted\internet\defer.py", line 857, in _runCallbacks
    current.result = callback(  # type: ignore[misc]
  File "C:\Users\bbde1\AppData\Local\Programs\Python\Python310\lib\site-packages\scrapy\utils\defer.py", line 162, in f
    return deferred_from_coro(coro_f(*coro_args, **coro_kwargs))
  File "C:\Users\bbde1\Desktop\crawling\Spirit\Fighting\pipelines.py", line 26, in process_item
    self.cursor.execute("select * from test1.spirit where spirit COMPANY = %s and TITLE = %s and CARRER = %s and ACADEMIC_ABILILTY = %s and EMPLOYMENT_TYPE = %s and AREA = %s and RECUITMENT_PERIOD = %s and OTHER_CONTENTS = %s and URL = %s  ",
  File "C:\Users\bbde1\AppData\Local\Programs\Python\Python310\lib\site-packages\MySQLdb\cursors.py", line 206, in execute
    res = self._query(query)
  File "C:\Users\bbde1\AppData\Local\Programs\Python\Python310\lib\site-packages\MySQLdb\cursors.py", line 319, in _query
    db.query(q)
  File "C:\Users\bbde1\AppData\Local\Programs\Python\Python310\lib\site-packages\MySQLdb\connections.py", line 254, in query
    _mysql.connection.query(self, query)
MySQLdb.ProgrammingError: (1064, <NULL>)
2022-06-27 16:42:02 [scrapy.core.scraper] ERROR: Error processing {'ACADEMIC_ABILILTY': '학력무관',
 'AREA': '서울 금천구',
 'CARRER': '신입·경력',
 'COMPANY': '㈜에이아이톡',
 'EMPLOYMENT_TYPE': '정규직',
 'OTHER_CONTENTS': '소프트웨어개발, Python, 인공지능(AI), 머신러닝(ML), 자연어처리(NLP)',
 'RECUITMENT_PERIOD': '~08/21(일)',
 'TITLE': '2022 AI researcher 신입사원 채용\r\n                            ',
 'URL': 'https://www.jobkorea.co.kr/Recruit/GI_Read/38477478?Oem_Code=C1&logpath=1&stext=파이썬&listno=28'}
Traceback (most recent call last):
  File "C:\Users\bbde1\AppData\Local\Programs\Python\Python310\lib\site-packages\twisted\internet\defer.py", line 857, in _runCallbacks
    current.result = callback(  # type: ignore[misc]
  File "C:\Users\bbde1\AppData\Local\Programs\Python\Python310\lib\site-packages\scrapy\utils\defer.py", line 162, in f
    return deferred_from_coro(coro_f(*coro_args, **coro_kwargs))
  File "C:\Users\bbde1\Desktop\crawling\Spirit\Fighting\pipelines.py", line 26, in process_item
    self.cursor.execute("select * from test1.spirit where spirit COMPANY = %s and TITLE = %s and CARRER = %s and ACADEMIC_ABILILTY = %s and EMPLOYMENT_TYPE = %s and AREA = %s and RECUITMENT_PERIOD = %s and OTHER_CONTENTS = %s and URL = %s  ",
  File "C:\Users\bbde1\AppData\Local\Programs\Python\Python310\lib\site-packages\MySQLdb\cursors.py", line 206, in execute
    res = self._query(query)
  File "C:\Users\bbde1\AppData\Local\Programs\Python\Python310\lib\site-packages\MySQLdb\cursors.py", line 319, in _query
    db.query(q)
  File "C:\Users\bbde1\AppData\Local\Programs\Python\Python310\lib\site-packages\MySQLdb\connections.py", line 254, in query
    _mysql.connection.query(self, query)
MySQLdb.ProgrammingError: (1064, "You have an error in your SQL syntax; check the manual that corresponds to your MySQL server version for the right syntax to use near 'COMPANY = '㈜' and TITLE = '2' and CARRER = '신' and ACADEMIC_ABILILTY = '학'' at line 1")
2022-06-27 16:42:03 [scrapy.core.scraper] ERROR: Error processing {'ACADEMIC_ABILILTY': '학력무관',
 'AREA': '부산 해운대구',
 'CARRER': '신입·경력1년↑',
 'COMPANY': '㈜그래코퍼레이션',
 'EMPLOYMENT_TYPE': '정규직',
 'OTHER_CONTENTS': '쇼핑몰, 전자상거래, 웹프로그래머, AJAX, HTML, Python, 웹접근성, 웹퍼블리셔, '
                   '자바스크립트, CSS3, HTML5, 웹UI, 일러스트레이터, 포토샵, HTML, UI·UX디자인',
 'RECUITMENT_PERIOD': '~08/17(수)',
 'TITLE': '(주)그래코퍼레이션 웹프론트엔드 정규직 채용\r\n                            ',
 'URL': 'https://www.jobkorea.co.kr/Recruit/GI_Read/38451312?Oem_Code=C1&logpath=1&stext=파이썬&listno=29'}
Traceback (most recent call last):
  File "C:\Users\bbde1\AppData\Local\Programs\Python\Python310\lib\site-packages\twisted\internet\defer.py", line 857, in _runCallbacks
    current.result = callback(  # type: ignore[misc]
  File "C:\Users\bbde1\AppData\Local\Programs\Python\Python310\lib\site-packages\scrapy\utils\defer.py", line 162, in f
    return deferred_from_coro(coro_f(*coro_args, **coro_kwargs))
  File "C:\Users\bbde1\Desktop\crawling\Spirit\Fighting\pipelines.py", line 26, in process_item
    self.cursor.execute("select * from test1.spirit where spirit COMPANY = %s and TITLE = %s and CARRER = %s and ACADEMIC_ABILILTY = %s and EMPLOYMENT_TYPE = %s and AREA = %s and RECUITMENT_PERIOD = %s and OTHER_CONTENTS = %s and URL = %s  ",
  File "C:\Users\bbde1\AppData\Local\Programs\Python\Python310\lib\site-packages\MySQLdb\cursors.py", line 206, in execute
    res = self._query(query)
  File "C:\Users\bbde1\AppData\Local\Programs\Python\Python310\lib\site-packages\MySQLdb\cursors.py", line 319, in _query
    db.query(q)
  File "C:\Users\bbde1\AppData\Local\Programs\Python\Python310\lib\site-packages\MySQLdb\connections.py", line 254, in query
    _mysql.connection.query(self, query)
MySQLdb.ProgrammingError: (1064, "You have an error in your SQL syntax; check the manual that corresponds to your MySQL server version for the right syntax to use near 'COMPANY = '㈜' and TITLE = '(' and CARRER = '신' and ACADEMIC_ABILILTY = '학'' at line 1")
2022-06-27 16:42:03 [scrapy.core.scraper] ERROR: Error processing {'ACADEMIC_ABILILTY': '학력무관',
 'AREA': '서울 서초구 외',
 'CARRER': '신입·경력2년↑',
 'COMPANY': '㈜소울웨어',
 'EMPLOYMENT_TYPE': '정규직 외',
 'OTHER_CONTENTS': '모바일앱개발, 소프트웨어개발, 솔루션, BigData, SI, HTML, Java, MySQL, '
                   'Servlet, SQL, 아이폰, 안드로이드, Java, Python, WAS, 인공지능(AI), '
                   '사물인터넷(IoT), 머신러닝(ML), 하둡(Hadoop), Spark',
 'RECUITMENT_PERIOD': '~08/14(일)',
 'TITLE': '개발자(웹/앱 애플리케이션, 백엔드/프론트엔드), 연구개발(IoT, 머신러닝, 인공지능)\r\n'
          '                            ',
 'URL': 'https://www.jobkorea.co.kr/Recruit/GI_Read/38412772?Oem_Code=C1&logpath=1&stext=파이썬&listno=30'}
Traceback (most recent call last):
  File "C:\Users\bbde1\AppData\Local\Programs\Python\Python310\lib\site-packages\twisted\internet\defer.py", line 857, in _runCallbacks
    current.result = callback(  # type: ignore[misc]
  File "C:\Users\bbde1\AppData\Local\Programs\Python\Python310\lib\site-packages\scrapy\utils\defer.py", line 162, in f
    return deferred_from_coro(coro_f(*coro_args, **coro_kwargs))
  File "C:\Users\bbde1\Desktop\crawling\Spirit\Fighting\pipelines.py", line 26, in process_item
    self.cursor.execute("select * from test1.spirit where spirit COMPANY = %s and TITLE = %s and CARRER = %s and ACADEMIC_ABILILTY = %s and EMPLOYMENT_TYPE = %s and AREA = %s and RECUITMENT_PERIOD = %s and OTHER_CONTENTS = %s and URL = %s  ",
  File "C:\Users\bbde1\AppData\Local\Programs\Python\Python310\lib\site-packages\MySQLdb\cursors.py", line 206, in execute
    res = self._query(query)
  File "C:\Users\bbde1\AppData\Local\Programs\Python\Python310\lib\site-packages\MySQLdb\cursors.py", line 319, in _query
    db.query(q)
  File "C:\Users\bbde1\AppData\Local\Programs\Python\Python310\lib\site-packages\MySQLdb\connections.py", line 254, in query
    _mysql.connection.query(self, query)
MySQLdb.ProgrammingError: (1064, <NULL>)
2022-06-27 16:42:03 [scrapy.core.scraper] ERROR: Error processing {'ACADEMIC_ABILILTY': '학력무관',
 'AREA': '서울 강남구',
 'CARRER': '경력1년↑',
 'COMPANY': '㈜오비이랩',
 'EMPLOYMENT_TYPE': '정규직',
 'OTHER_CONTENTS': '의료기기, 기술지원, 테스트엔지니어, 기술지원',
 'RECUITMENT_PERIOD': '상시채용',
 'TITLE': 'Customer Support Engineer 정규직 채용(사원급)\r\n'
          '                            ',
 'URL': 'https://www.jobkorea.co.kr/Recruit/GI_Read/38225258?Oem_Code=C1&logpath=1&stext=파이썬&listno=61'}
Traceback (most recent call last):
  File "C:\Users\bbde1\AppData\Local\Programs\Python\Python310\lib\site-packages\twisted\internet\defer.py", line 857, in _runCallbacks
    current.result = callback(  # type: ignore[misc]
  File "C:\Users\bbde1\AppData\Local\Programs\Python\Python310\lib\site-packages\scrapy\utils\defer.py", line 162, in f
    return deferred_from_coro(coro_f(*coro_args, **coro_kwargs))
  File "C:\Users\bbde1\Desktop\crawling\Spirit\Fighting\pipelines.py", line 26, in process_item
    self.cursor.execute("select * from test1.spirit where spirit COMPANY = %s and TITLE = %s and CARRER = %s and ACADEMIC_ABILILTY = %s and EMPLOYMENT_TYPE = %s and AREA = %s and RECUITMENT_PERIOD = %s and OTHER_CONTENTS = %s and URL = %s  ",
  File "C:\Users\bbde1\AppData\Local\Programs\Python\Python310\lib\site-packages\MySQLdb\cursors.py", line 206, in execute
    res = self._query(query)
  File "C:\Users\bbde1\AppData\Local\Programs\Python\Python310\lib\site-packages\MySQLdb\cursors.py", line 319, in _query
    db.query(q)
  File "C:\Users\bbde1\AppData\Local\Programs\Python\Python310\lib\site-packages\MySQLdb\connections.py", line 254, in query
    _mysql.connection.query(self, query)
MySQLdb.ProgrammingError: (1064, "You have an error in your SQL syntax; check the manual that corresponds to your MySQL server version for the right syntax to use near 'COMPANY = '㈜' and TITLE = 'C' and CARRER = '경' and ACADEMIC_ABILILTY = '학'' at line 1")
2022-06-27 16:42:03 [scrapy.core.scraper] ERROR: Error processing {'ACADEMIC_ABILILTY': '학력무관',
 'AREA': '서울 영등포구',
 'CARRER': '신입·경력',
 'COMPANY': '㈜누리랩',
 'EMPLOYMENT_TYPE': '정규직',
 'OTHER_CONTENTS': '웹프로그래머, Java, jsp, php, SQL, 응용프로그래머, C, C++, Java, Python',
 'RECUITMENT_PERIOD': '~07/15(금)',
 'TITLE': 'Windows 및 Linux 응용프로그램 개발자 모십니다 [병역특례(보충역) 지원 가능]\r\n'
          '                            ',
 'URL': 'https://www.jobkorea.co.kr/Recruit/GI_Read/38410126?Oem_Code=C1&logpath=1&stext=파이썬&listno=31'}
Traceback (most recent call last):
  File "C:\Users\bbde1\AppData\Local\Programs\Python\Python310\lib\site-packages\twisted\internet\defer.py", line 857, in _runCallbacks
    current.result = callback(  # type: ignore[misc]
  File "C:\Users\bbde1\AppData\Local\Programs\Python\Python310\lib\site-packages\scrapy\utils\defer.py", line 162, in f
    return deferred_from_coro(coro_f(*coro_args, **coro_kwargs))
  File "C:\Users\bbde1\Desktop\crawling\Spirit\Fighting\pipelines.py", line 26, in process_item
    self.cursor.execute("select * from test1.spirit where spirit COMPANY = %s and TITLE = %s and CARRER = %s and ACADEMIC_ABILILTY = %s and EMPLOYMENT_TYPE = %s and AREA = %s and RECUITMENT_PERIOD = %s and OTHER_CONTENTS = %s and URL = %s  ",
  File "C:\Users\bbde1\AppData\Local\Programs\Python\Python310\lib\site-packages\MySQLdb\cursors.py", line 206, in execute
    res = self._query(query)
  File "C:\Users\bbde1\AppData\Local\Programs\Python\Python310\lib\site-packages\MySQLdb\cursors.py", line 319, in _query
    db.query(q)
  File "C:\Users\bbde1\AppData\Local\Programs\Python\Python310\lib\site-packages\MySQLdb\connections.py", line 254, in query
    _mysql.connection.query(self, query)
MySQLdb.ProgrammingError: (1064, "You have an error in your SQL syntax; check the manual that corresponds to your MySQL server version for the right syntax to use near 'COMPANY = '㈜' and TITLE = 'W' and CARRER = '신' and ACADEMIC_ABILILTY = '학'' at line 1")
2022-06-27 16:42:03 [scrapy.core.scraper] ERROR: Error processing {'ACADEMIC_ABILILTY': '학력무관',
 'AREA': '서울 마포구 외',
 'CARRER': '신입·경력',
 'COMPANY': '㈜일루넥스',
 'EMPLOYMENT_TYPE': '정규직 외',
 'OTHER_CONTENTS': '소프트웨어개발, 솔루션, BigData, SI, SM, 데이터베이스, MS-SQL, MySQL, SQL, '
                   '네트워크관리, 네트워크엔지니어, 보안관리, 보안기술, 서버관리자, 서버구축, 시스템운영, Linux, '
                   '웹프로그래머, AJAX, APM, asp, ASP.NET, HTML, Java, jsp, mHTML, '
                   'MiPlatform, MS-SQL, MySQL, php, Python, SCJP, SQL, 안드로이드, '
                   '응용프로그래머, 전산전공, ActiveX, Application, ASP.NET, C, C#, C++, '
                   'C++Builder, Embedded, Java, Linux, Oracle, PowerBuilder, '
                   'Pro-C, Python, SQL, Unix, 시스템프로그래머, 펌웨어, 웹접근성, 웹퍼블리셔, 웹표준, '
                   '자바스크립트, CSS, CSS3, HTML5, HTML코딩, UI·UX, 모바일UI, 웹UI, '
                   '일러스트레이터, 자바스크립트, 포토샵, 플래쉬, CSS, GUI, HTML, Sketch, '
                   'UI·UX디자인, Python, 빅데이터, 데이터분석, 소프트웨어, 그래픽디자인, 시각디자인, '
                   '일러스트레이터, 포토샵, CI',
 'RECUITMENT_PERIOD': '상시채용',
 'TITLE': '2022년 경력 웹 프로그래머(서버, 프론트, 퍼블리싱) 채용\r\n                            ',
 'URL': 'https://www.jobkorea.co.kr/Recruit/GI_Read/38387173?Oem_Code=C1&logpath=1&stext=파이썬&listno=32'}
Traceback (most recent call last):
  File "C:\Users\bbde1\AppData\Local\Programs\Python\Python310\lib\site-packages\twisted\internet\defer.py", line 857, in _runCallbacks
    current.result = callback(  # type: ignore[misc]
  File "C:\Users\bbde1\AppData\Local\Programs\Python\Python310\lib\site-packages\scrapy\utils\defer.py", line 162, in f
    return deferred_from_coro(coro_f(*coro_args, **coro_kwargs))
  File "C:\Users\bbde1\Desktop\crawling\Spirit\Fighting\pipelines.py", line 26, in process_item
    self.cursor.execute("select * from test1.spirit where spirit COMPANY = %s and TITLE = %s and CARRER = %s and ACADEMIC_ABILILTY = %s and EMPLOYMENT_TYPE = %s and AREA = %s and RECUITMENT_PERIOD = %s and OTHER_CONTENTS = %s and URL = %s  ",
  File "C:\Users\bbde1\AppData\Local\Programs\Python\Python310\lib\site-packages\MySQLdb\cursors.py", line 206, in execute
    res = self._query(query)
  File "C:\Users\bbde1\AppData\Local\Programs\Python\Python310\lib\site-packages\MySQLdb\cursors.py", line 319, in _query
    db.query(q)
  File "C:\Users\bbde1\AppData\Local\Programs\Python\Python310\lib\site-packages\MySQLdb\connections.py", line 254, in query
    _mysql.connection.query(self, query)
MySQLdb.ProgrammingError: (1064, "You have an error in your SQL syntax; check the manual that corresponds to your MySQL server version for the right syntax to use near 'COMPANY = '㈜' and TITLE = '2' and CARRER = '신' and ACADEMIC_ABILILTY = '학'' at line 1")
2022-06-27 16:42:03 [scrapy.core.scraper] ERROR: Error processing {'ACADEMIC_ABILILTY': '학력무관',
 'AREA': '서울 강남구',
 'CARRER': '신입·경력2년↑',
 'COMPANY': '㈜메디블록',
 'EMPLOYMENT_TYPE': '정규직',
 'OTHER_CONTENTS': '블록체인, blockchain, Go, JavaScript, Rust, 모바일앱개발, 소프트웨어개발, '
                   '보안기술, 서버관리자, 서버구축, 웹프로그래머',
 'RECUITMENT_PERIOD': '상시채용',
 'TITLE': '[메디블록] 블록체인 개발자 Blockchain Engineer / Devops Engineer\r\n'
          '                            ',
 'URL': 'https://www.jobkorea.co.kr/Recruit/GI_Read/38137027?Oem_Code=C1&logpath=1&stext=파이썬&listno=62'}
Traceback (most recent call last):
  File "C:\Users\bbde1\AppData\Local\Programs\Python\Python310\lib\site-packages\twisted\internet\defer.py", line 857, in _runCallbacks
    current.result = callback(  # type: ignore[misc]
  File "C:\Users\bbde1\AppData\Local\Programs\Python\Python310\lib\site-packages\scrapy\utils\defer.py", line 162, in f
    return deferred_from_coro(coro_f(*coro_args, **coro_kwargs))
  File "C:\Users\bbde1\Desktop\crawling\Spirit\Fighting\pipelines.py", line 26, in process_item
    self.cursor.execute("select * from test1.spirit where spirit COMPANY = %s and TITLE = %s and CARRER = %s and ACADEMIC_ABILILTY = %s and EMPLOYMENT_TYPE = %s and AREA = %s and RECUITMENT_PERIOD = %s and OTHER_CONTENTS = %s and URL = %s  ",
  File "C:\Users\bbde1\AppData\Local\Programs\Python\Python310\lib\site-packages\MySQLdb\cursors.py", line 206, in execute
    res = self._query(query)
  File "C:\Users\bbde1\AppData\Local\Programs\Python\Python310\lib\site-packages\MySQLdb\cursors.py", line 319, in _query
    db.query(q)
  File "C:\Users\bbde1\AppData\Local\Programs\Python\Python310\lib\site-packages\MySQLdb\connections.py", line 254, in query
    _mysql.connection.query(self, query)
MySQLdb.ProgrammingError: (1064, "You have an error in your SQL syntax; check the manual that corresponds to your MySQL server version for the right syntax to use near 'COMPANY = '㈜' and TITLE = '[' and CARRER = '신' and ACADEMIC_ABILILTY = '학'' at line 1")
2022-06-27 16:42:03 [scrapy.core.scraper] ERROR: Error processing {'ACADEMIC_ABILILTY': '학력무관',
 'AREA': '서울 강남구',
 'CARRER': '경력',
 'COMPANY': '쿼드마이너',
 'EMPLOYMENT_TYPE': '정규직',
 'OTHER_CONTENTS': '데이터 시각화, React 기반 컴포넌트 뷰 개발, 솔루션 전반의 UI/UX 향상 업무, 프론트엔드 '
                   '퍼포먼스 개선, 정보보안',
 'RECUITMENT_PERIOD': '~07/13(수)',
 'TITLE': '업계 최고 대우로 프론트엔드 웹 개발자를 모십니다.\r\n                            ',
 'URL': 'https://www.jobkorea.co.kr/Recruit/GI_Read/38068147?Oem_Code=C1&logpath=1&stext=파이썬&listno=63'}
Traceback (most recent call last):
  File "C:\Users\bbde1\AppData\Local\Programs\Python\Python310\lib\site-packages\twisted\internet\defer.py", line 857, in _runCallbacks
    current.result = callback(  # type: ignore[misc]
  File "C:\Users\bbde1\AppData\Local\Programs\Python\Python310\lib\site-packages\scrapy\utils\defer.py", line 162, in f
    return deferred_from_coro(coro_f(*coro_args, **coro_kwargs))
  File "C:\Users\bbde1\Desktop\crawling\Spirit\Fighting\pipelines.py", line 26, in process_item
    self.cursor.execute("select * from test1.spirit where spirit COMPANY = %s and TITLE = %s and CARRER = %s and ACADEMIC_ABILILTY = %s and EMPLOYMENT_TYPE = %s and AREA = %s and RECUITMENT_PERIOD = %s and OTHER_CONTENTS = %s and URL = %s  ",
  File "C:\Users\bbde1\AppData\Local\Programs\Python\Python310\lib\site-packages\MySQLdb\cursors.py", line 206, in execute
    res = self._query(query)
  File "C:\Users\bbde1\AppData\Local\Programs\Python\Python310\lib\site-packages\MySQLdb\cursors.py", line 319, in _query
    db.query(q)
  File "C:\Users\bbde1\AppData\Local\Programs\Python\Python310\lib\site-packages\MySQLdb\connections.py", line 254, in query
    _mysql.connection.query(self, query)
MySQLdb.ProgrammingError: (1064, <NULL>)
2022-06-27 16:42:03 [scrapy.core.scraper] ERROR: Error processing {'ACADEMIC_ABILILTY': '학력무관',
 'AREA': '서울 영등포구',
 'CARRER': '신입·경력',
 'COMPANY': '㈜아이비즈소프트웨어',
 'EMPLOYMENT_TYPE': '정규직',
 'OTHER_CONTENTS': '웹프로그래머, Java, 아이폰, 안드로이드, Java',
 'RECUITMENT_PERIOD': '~07/10(일)',
 'TITLE': '[신입/경력] IT 개발자 및 블록체인 부문 별 채용공고\r\n                            ',
 'URL': 'https://www.jobkorea.co.kr/Recruit/GI_Read/38027833?Oem_Code=C1&logpath=1&stext=파이썬&listno=64'}
Traceback (most recent call last):
  File "C:\Users\bbde1\AppData\Local\Programs\Python\Python310\lib\site-packages\twisted\internet\defer.py", line 857, in _runCallbacks
    current.result = callback(  # type: ignore[misc]
  File "C:\Users\bbde1\AppData\Local\Programs\Python\Python310\lib\site-packages\scrapy\utils\defer.py", line 162, in f
    return deferred_from_coro(coro_f(*coro_args, **coro_kwargs))
  File "C:\Users\bbde1\Desktop\crawling\Spirit\Fighting\pipelines.py", line 26, in process_item
    self.cursor.execute("select * from test1.spirit where spirit COMPANY = %s and TITLE = %s and CARRER = %s and ACADEMIC_ABILILTY = %s and EMPLOYMENT_TYPE = %s and AREA = %s and RECUITMENT_PERIOD = %s and OTHER_CONTENTS = %s and URL = %s  ",
  File "C:\Users\bbde1\AppData\Local\Programs\Python\Python310\lib\site-packages\MySQLdb\cursors.py", line 206, in execute
    res = self._query(query)
  File "C:\Users\bbde1\AppData\Local\Programs\Python\Python310\lib\site-packages\MySQLdb\cursors.py", line 319, in _query
    db.query(q)
  File "C:\Users\bbde1\AppData\Local\Programs\Python\Python310\lib\site-packages\MySQLdb\connections.py", line 254, in query
    _mysql.connection.query(self, query)
MySQLdb.ProgrammingError: (1064, "You have an error in your SQL syntax; check the manual that corresponds to your MySQL server version for the right syntax to use near 'COMPANY = '㈜' and TITLE = '[' and CARRER = '신' and ACADEMIC_ABILILTY = '학'' at line 1")
2022-06-27 16:42:03 [scrapy.core.scraper] ERROR: Error processing {'ACADEMIC_ABILILTY': '학력무관',
 'AREA': '경기 고양시 외',
 'CARRER': '신입·경력',
 'COMPANY': '디앤샤인',
 'EMPLOYMENT_TYPE': '정규직',
 'OTHER_CONTENTS': '네트웍구축, 유비쿼터스, 통신, 경영기획, 기획, 기획조사, 사업기획, 신규사업·BD, 더존, 문서관리, '
                   '문서작성, 사무보조, 워드, 전산편집, 전산회계, Excel, OA, 4대보험, 결산, 경리, 경영지원, '
                   '관리회계, 급여관리, 더존, 세무, 예산관리, 원가회계, 이카운트, 전산회계, 결산, 세무, 재무, '
                   '재무기획, 재무회계, AICPA, CFA, CPA, 국내영업, 기술영업, 납품영업, 일반영업, 기술영업, '
                   '기술지원, 솔루션영업, 시스템영업, 하드웨어영업, 영업기획, 데이터베이스, MS-SQL, MySQL, '
                   'SQL, 데이터마이닝, 응용프로그래머, C, C++, Linux, SQL, 시스템프로그래머, 어셈블리, '
                   '임베디드, 펌웨어, MMI, Python, 인공지능(AI), 빅데이터, tensorflow, 데이터분석, '
                   '유지보수, 펌웨어, 하드웨어, 소프트웨어, 유지보수, 임베디드, 전기·전자회로, AS, VoIP, '
                   '무선통신, 전자통신, 정보통신, 통신공사, CCTV',
 'RECUITMENT_PERIOD': '상시채용',
 'TITLE': '분야별[사업기획/ IoT 장비 영업/HW 개발자/SW/펌웨어 개발/유지보수/생산관리/경영지원]직원 채용[신입/경력]\r\n'
          '                            ',
 'URL': 'https://www.jobkorea.co.kr/Recruit/GI_Read/38334662?Oem_Code=C1&logpath=1&stext=파이썬&listno=33'}
Traceback (most recent call last):
  File "C:\Users\bbde1\AppData\Local\Programs\Python\Python310\lib\site-packages\twisted\internet\defer.py", line 857, in _runCallbacks
    current.result = callback(  # type: ignore[misc]
  File "C:\Users\bbde1\AppData\Local\Programs\Python\Python310\lib\site-packages\scrapy\utils\defer.py", line 162, in f
    return deferred_from_coro(coro_f(*coro_args, **coro_kwargs))
  File "C:\Users\bbde1\Desktop\crawling\Spirit\Fighting\pipelines.py", line 26, in process_item
    self.cursor.execute("select * from test1.spirit where spirit COMPANY = %s and TITLE = %s and CARRER = %s and ACADEMIC_ABILILTY = %s and EMPLOYMENT_TYPE = %s and AREA = %s and RECUITMENT_PERIOD = %s and OTHER_CONTENTS = %s and URL = %s  ",
  File "C:\Users\bbde1\AppData\Local\Programs\Python\Python310\lib\site-packages\MySQLdb\cursors.py", line 206, in execute
    res = self._query(query)
  File "C:\Users\bbde1\AppData\Local\Programs\Python\Python310\lib\site-packages\MySQLdb\cursors.py", line 319, in _query
    db.query(q)
  File "C:\Users\bbde1\AppData\Local\Programs\Python\Python310\lib\site-packages\MySQLdb\connections.py", line 254, in query
    _mysql.connection.query(self, query)
MySQLdb.ProgrammingError: (1064, <NULL>)
2022-06-27 16:42:03 [scrapy.core.scraper] ERROR: Error processing {'ACADEMIC_ABILILTY': '학력무관',
 'AREA': '서울 강남구',
 'CARRER': '경력5년↑',
 'COMPANY': '㈜아토머스',
 'EMPLOYMENT_TYPE': '정규직',
 'OTHER_CONTENTS': '모바일App, 데이터베이스, MySQL, MySQL, Python, API, Linux, Python',
 'RECUITMENT_PERIOD': '~06/30(목)',
 'TITLE': '백엔드 개발자\r\n                            ',
 'URL': 'https://www.jobkorea.co.kr/Recruit/GI_Read/38324695?Oem_Code=C1&logpath=1&stext=파이썬&listno=34'}
Traceback (most recent call last):
  File "C:\Users\bbde1\AppData\Local\Programs\Python\Python310\lib\site-packages\twisted\internet\defer.py", line 857, in _runCallbacks
    current.result = callback(  # type: ignore[misc]
  File "C:\Users\bbde1\AppData\Local\Programs\Python\Python310\lib\site-packages\scrapy\utils\defer.py", line 162, in f
    return deferred_from_coro(coro_f(*coro_args, **coro_kwargs))
  File "C:\Users\bbde1\Desktop\crawling\Spirit\Fighting\pipelines.py", line 26, in process_item
    self.cursor.execute("select * from test1.spirit where spirit COMPANY = %s and TITLE = %s and CARRER = %s and ACADEMIC_ABILILTY = %s and EMPLOYMENT_TYPE = %s and AREA = %s and RECUITMENT_PERIOD = %s and OTHER_CONTENTS = %s and URL = %s  ",
  File "C:\Users\bbde1\AppData\Local\Programs\Python\Python310\lib\site-packages\MySQLdb\cursors.py", line 206, in execute
    res = self._query(query)
  File "C:\Users\bbde1\AppData\Local\Programs\Python\Python310\lib\site-packages\MySQLdb\cursors.py", line 319, in _query
    db.query(q)
  File "C:\Users\bbde1\AppData\Local\Programs\Python\Python310\lib\site-packages\MySQLdb\connections.py", line 254, in query
    _mysql.connection.query(self, query)
MySQLdb.ProgrammingError: (1064, <NULL>)
2022-06-27 16:42:03 [scrapy.core.scraper] ERROR: Error processing {'ACADEMIC_ABILILTY': '학력무관',
 'AREA': '서울 영등포구',
 'CARRER': '신입·경력',
 'COMPANY': '㈜아이비즈소프트웨어',
 'EMPLOYMENT_TYPE': '정규직',
 'OTHER_CONTENTS': '웹프로그래머, Java, 안드로이드, Java',
 'RECUITMENT_PERIOD': '~06/30(목)',
 'TITLE': '[신입/경력] IT 개발자 부문별 채용공고\r\n                            ',
 'URL': 'https://www.jobkorea.co.kr/Recruit/GI_Read/37932200?Oem_Code=C1&logpath=1&stext=파이썬&listno=65'}
Traceback (most recent call last):
  File "C:\Users\bbde1\AppData\Local\Programs\Python\Python310\lib\site-packages\twisted\internet\defer.py", line 857, in _runCallbacks
    current.result = callback(  # type: ignore[misc]
  File "C:\Users\bbde1\AppData\Local\Programs\Python\Python310\lib\site-packages\scrapy\utils\defer.py", line 162, in f
    return deferred_from_coro(coro_f(*coro_args, **coro_kwargs))
  File "C:\Users\bbde1\Desktop\crawling\Spirit\Fighting\pipelines.py", line 26, in process_item
    self.cursor.execute("select * from test1.spirit where spirit COMPANY = %s and TITLE = %s and CARRER = %s and ACADEMIC_ABILILTY = %s and EMPLOYMENT_TYPE = %s and AREA = %s and RECUITMENT_PERIOD = %s and OTHER_CONTENTS = %s and URL = %s  ",
  File "C:\Users\bbde1\AppData\Local\Programs\Python\Python310\lib\site-packages\MySQLdb\cursors.py", line 206, in execute
    res = self._query(query)
  File "C:\Users\bbde1\AppData\Local\Programs\Python\Python310\lib\site-packages\MySQLdb\cursors.py", line 319, in _query
    db.query(q)
  File "C:\Users\bbde1\AppData\Local\Programs\Python\Python310\lib\site-packages\MySQLdb\connections.py", line 254, in query
    _mysql.connection.query(self, query)
MySQLdb.ProgrammingError: (1064, "You have an error in your SQL syntax; check the manual that corresponds to your MySQL server version for the right syntax to use near 'COMPANY = '㈜' and TITLE = '[' and CARRER = '신' and ACADEMIC_ABILILTY = '학'' at line 1")
2022-06-27 16:42:03 [scrapy.core.scraper] ERROR: Error processing {'ACADEMIC_ABILILTY': '학력무관',
 'AREA': '서울 금천구',
 'CARRER': '경력2년↑',
 'COMPANY': '중소기업(300명이하)',
 'EMPLOYMENT_TYPE': '정규직',
 'OTHER_CONTENTS': '소프트웨어개발, 솔루션, MySQL, php, Python, SQL',
 'RECUITMENT_PERIOD': '~08/15(월)',
 'TITLE': '[경력] 빅데이터 이커머스 마트 구축 및 ETL 개발(',
 'URL': 'https://www.jobkorea.co.kr/Recruit/GI_Read/38423929?PageGbn=HH&logpath=1&stext=파이썬&listno=66'}
Traceback (most recent call last):
  File "C:\Users\bbde1\AppData\Local\Programs\Python\Python310\lib\site-packages\twisted\internet\defer.py", line 857, in _runCallbacks
    current.result = callback(  # type: ignore[misc]
  File "C:\Users\bbde1\AppData\Local\Programs\Python\Python310\lib\site-packages\scrapy\utils\defer.py", line 162, in f
    return deferred_from_coro(coro_f(*coro_args, **coro_kwargs))
  File "C:\Users\bbde1\Desktop\crawling\Spirit\Fighting\pipelines.py", line 26, in process_item
    self.cursor.execute("select * from test1.spirit where spirit COMPANY = %s and TITLE = %s and CARRER = %s and ACADEMIC_ABILILTY = %s and EMPLOYMENT_TYPE = %s and AREA = %s and RECUITMENT_PERIOD = %s and OTHER_CONTENTS = %s and URL = %s  ",
  File "C:\Users\bbde1\AppData\Local\Programs\Python\Python310\lib\site-packages\MySQLdb\cursors.py", line 206, in execute
    res = self._query(query)
  File "C:\Users\bbde1\AppData\Local\Programs\Python\Python310\lib\site-packages\MySQLdb\cursors.py", line 319, in _query
    db.query(q)
  File "C:\Users\bbde1\AppData\Local\Programs\Python\Python310\lib\site-packages\MySQLdb\connections.py", line 254, in query
    _mysql.connection.query(self, query)
MySQLdb.ProgrammingError: (1064, "You have an error in your SQL syntax; check the manual that corresponds to your MySQL server version for the right syntax to use near 'COMPANY = '중' and TITLE = '[' and CARRER = '경' and ACADEMIC_ABILILTY = '학'' at line 1")
2022-06-27 16:42:03 [scrapy.core.scraper] ERROR: Error processing {'ACADEMIC_ABILILTY': '학력무관',
 'AREA': '서울 서초구 외',
 'CARRER': '신입·경력2년↑',
 'COMPANY': '이너뷰',
 'EMPLOYMENT_TYPE': '정규직',
 'OTHER_CONTENTS': 'AE, QA, 웹 AE, SI, 웹에이전시, 모바일기획, 웹기획, 웹서비스기획, 통계·로그분석, PM, '
                   'UI설계, Java, jsp, MS-SQL, php, Python, SQL, API, Linux, '
                   '웹접근성, 웹퍼블리셔, 웹표준, 자바스크립트, CSS, UI·UX',
 'RECUITMENT_PERIOD': '~08/05(금)',
 'TITLE': '웹에이전시 정규직 채용\r\n                            ',
 'URL': 'https://www.jobkorea.co.kr/Recruit/GI_Read/38314904?Oem_Code=C1&logpath=1&stext=파이썬&listno=35'}
Traceback (most recent call last):
  File "C:\Users\bbde1\AppData\Local\Programs\Python\Python310\lib\site-packages\twisted\internet\defer.py", line 857, in _runCallbacks
    current.result = callback(  # type: ignore[misc]
  File "C:\Users\bbde1\AppData\Local\Programs\Python\Python310\lib\site-packages\scrapy\utils\defer.py", line 162, in f
    return deferred_from_coro(coro_f(*coro_args, **coro_kwargs))
  File "C:\Users\bbde1\Desktop\crawling\Spirit\Fighting\pipelines.py", line 26, in process_item
    self.cursor.execute("select * from test1.spirit where spirit COMPANY = %s and TITLE = %s and CARRER = %s and ACADEMIC_ABILILTY = %s and EMPLOYMENT_TYPE = %s and AREA = %s and RECUITMENT_PERIOD = %s and OTHER_CONTENTS = %s and URL = %s  ",
  File "C:\Users\bbde1\AppData\Local\Programs\Python\Python310\lib\site-packages\MySQLdb\cursors.py", line 206, in execute
    res = self._query(query)
  File "C:\Users\bbde1\AppData\Local\Programs\Python\Python310\lib\site-packages\MySQLdb\cursors.py", line 319, in _query
    db.query(q)
  File "C:\Users\bbde1\AppData\Local\Programs\Python\Python310\lib\site-packages\MySQLdb\connections.py", line 254, in query
    _mysql.connection.query(self, query)
MySQLdb.ProgrammingError: (1064, <NULL>)
2022-06-27 16:42:03 [scrapy.core.scraper] ERROR: Error processing {'ACADEMIC_ABILILTY': '학력무관',
 'AREA': '경기 고양시 외',
 'CARRER': '경력',
 'COMPANY': '㈜선후',
 'EMPLOYMENT_TYPE': '정규직 외',
 'OTHER_CONTENTS': 'UI·UX디자인, 웹에이전시, .NET, 웹프로그래머, AJAX, APM, asp, ASP.NET, '
                   'cgi, EJB, HDML, HTML, Java, jsp, mHTML, MiPlatform, '
                   'MS-SQL, MySQL, php, Python, SCJP, Servlet, SQL, VB.NET, '
                   'VRML, WinForm, wml, xml, Ruby, .NET, 병역특례, 아이폰, 안드로이드, '
                   '액션스크립트, 응용프로그래머, 전산전공, 증강현실, 플래시APP, ABAP, ActiveX, API, '
                   'Application, ASP.NET, C, C#, C#Builder, C++, C++Builder, '
                   'CTI, Delphi, DirectX, Embedded, Java, Linux, MFC, Oracle, '
                   'PowerBuilder, Pro-C, Python, RFID, SAP, SQL, Unix, VB.NET, '
                   'VisualBasic, VisualC, VisualC++, VoIP, WAS, Win32, '
                   'Windows, WindowsMobile, 가상현실, 웹사이트운영, 컨텐츠에디터, 드림위버, 모바일UI, '
                   '웹UI, 일러스트레이터, 자바스크립트, 포토샵, 플래쉬, CSS, GUI, HTML, xml, '
                   'Sketch, UI·UX디자인, 3D, 시각디자인, 일러스트레이터, 포토샵, 편집디자인(IBM), '
                   '편집디자인(MAC), 폰트·서체, 삽화·일러스트, 광고디자인, 디지털디자인, 시각디자인, '
                   '크리에이티브디렉터',
 'RECUITMENT_PERIOD': '~07/31(일)',
 'TITLE': '[IT기술벤처] 개발자, 웹디자이너, UI/UX, 채용\r\n                            ',
 'URL': 'https://www.jobkorea.co.kr/Recruit/GI_Read/38250750?Oem_Code=C1&logpath=1&stext=파이썬&listno=36'}
Traceback (most recent call last):
  File "C:\Users\bbde1\AppData\Local\Programs\Python\Python310\lib\site-packages\twisted\internet\defer.py", line 857, in _runCallbacks
    current.result = callback(  # type: ignore[misc]
  File "C:\Users\bbde1\AppData\Local\Programs\Python\Python310\lib\site-packages\scrapy\utils\defer.py", line 162, in f
    return deferred_from_coro(coro_f(*coro_args, **coro_kwargs))
  File "C:\Users\bbde1\Desktop\crawling\Spirit\Fighting\pipelines.py", line 26, in process_item
    self.cursor.execute("select * from test1.spirit where spirit COMPANY = %s and TITLE = %s and CARRER = %s and ACADEMIC_ABILILTY = %s and EMPLOYMENT_TYPE = %s and AREA = %s and RECUITMENT_PERIOD = %s and OTHER_CONTENTS = %s and URL = %s  ",
  File "C:\Users\bbde1\AppData\Local\Programs\Python\Python310\lib\site-packages\MySQLdb\cursors.py", line 206, in execute
    res = self._query(query)
  File "C:\Users\bbde1\AppData\Local\Programs\Python\Python310\lib\site-packages\MySQLdb\cursors.py", line 319, in _query
    db.query(q)
  File "C:\Users\bbde1\AppData\Local\Programs\Python\Python310\lib\site-packages\MySQLdb\connections.py", line 254, in query
    _mysql.connection.query(self, query)
MySQLdb.ProgrammingError: (1064, "You have an error in your SQL syntax; check the manual that corresponds to your MySQL server version for the right syntax to use near 'COMPANY = '㈜' and TITLE = '[' and CARRER = '경' and ACADEMIC_ABILILTY = '학'' at line 1")
2022-06-27 16:42:03 [scrapy.core.scraper] ERROR: Spider error processing <GET https://www.jobkorea.co.kr/Search/?stext=%ED%8C%8C%EC%9D%B4%EC%8D%AC&careerType=2&careerMin=1&careerMax=5&edu=0&payType=1&payMin=2500&payMax=3000&recruit&Page_No=4> (referer: None)
Traceback (most recent call last):
  File "C:\Users\bbde1\AppData\Local\Programs\Python\Python310\lib\site-packages\scrapy\utils\defer.py", line 132, in iter_errback
    yield next(it)
  File "C:\Users\bbde1\AppData\Local\Programs\Python\Python310\lib\site-packages\scrapy\utils\python.py", line 354, in __next__
    return next(self.data)
  File "C:\Users\bbde1\AppData\Local\Programs\Python\Python310\lib\site-packages\scrapy\utils\python.py", line 354, in __next__
    return next(self.data)
  File "C:\Users\bbde1\AppData\Local\Programs\Python\Python310\lib\site-packages\scrapy\core\spidermw.py", line 66, in _evaluate_iterable
    for r in iterable:
  File "C:\Users\bbde1\AppData\Local\Programs\Python\Python310\lib\site-packages\scrapy\spidermiddlewares\offsite.py", line 29, in process_spider_output
    for x in result:
  File "C:\Users\bbde1\AppData\Local\Programs\Python\Python310\lib\site-packages\scrapy\core\spidermw.py", line 66, in _evaluate_iterable
    for r in iterable:
  File "C:\Users\bbde1\AppData\Local\Programs\Python\Python310\lib\site-packages\scrapy\spidermiddlewares\referer.py", line 342, in <genexpr>
    return (_set_referer(r) for r in result or ())
  File "C:\Users\bbde1\AppData\Local\Programs\Python\Python310\lib\site-packages\scrapy\core\spidermw.py", line 66, in _evaluate_iterable
    for r in iterable:
  File "C:\Users\bbde1\AppData\Local\Programs\Python\Python310\lib\site-packages\scrapy\spidermiddlewares\urllength.py", line 40, in <genexpr>
    return (r for r in result or () if _filter(r))
  File "C:\Users\bbde1\AppData\Local\Programs\Python\Python310\lib\site-packages\scrapy\core\spidermw.py", line 66, in _evaluate_iterable
    for r in iterable:
  File "C:\Users\bbde1\AppData\Local\Programs\Python\Python310\lib\site-packages\scrapy\spidermiddlewares\depth.py", line 58, in <genexpr>
    return (r for r in result or () if _filter(r))
  File "C:\Users\bbde1\AppData\Local\Programs\Python\Python310\lib\site-packages\scrapy\core\spidermw.py", line 66, in _evaluate_iterable
    for r in iterable:
  File "C:\Users\bbde1\Desktop\crawling\Spirit\Fighting\spiders\MainSpider.py", line 43, in parse
    item['COMPANY'] = response.xpath(f'//*[@id="content"]/div/div/div[1]/div/div[2]/div[2]/div/div[1]/ul/li[{y}]/div/div[1]/a/text()')[0].extract()
  File "C:\Users\bbde1\AppData\Local\Programs\Python\Python310\lib\site-packages\parsel\selector.py", line 70, in __getitem__
    o = super(SelectorList, self).__getitem__(pos)
IndexError: list index out of range
2022-06-27 16:42:03 [scrapy.core.scraper] ERROR: Error processing {'ACADEMIC_ABILILTY': '학력무관',
 'AREA': '대전 유성구',
 'CARRER': '신입·경력',
 'COMPANY': '컨트롤에프',
 'EMPLOYMENT_TYPE': '정규직',
 'OTHER_CONTENTS': 'Python, 머신러닝(ML)',
 'RECUITMENT_PERIOD': '상시채용',
 'TITLE': '기업부설연구소 기술개발팀 신규, 경력 채용\r\n                            ',
 'URL': 'https://www.jobkorea.co.kr/Recruit/GI_Read/38179631?Oem_Code=C1&logpath=1&stext=파이썬&listno=37'}
Traceback (most recent call last):
  File "C:\Users\bbde1\AppData\Local\Programs\Python\Python310\lib\site-packages\twisted\internet\defer.py", line 857, in _runCallbacks
    current.result = callback(  # type: ignore[misc]
  File "C:\Users\bbde1\AppData\Local\Programs\Python\Python310\lib\site-packages\scrapy\utils\defer.py", line 162, in f
    return deferred_from_coro(coro_f(*coro_args, **coro_kwargs))
  File "C:\Users\bbde1\Desktop\crawling\Spirit\Fighting\pipelines.py", line 26, in process_item
    self.cursor.execute("select * from test1.spirit where spirit COMPANY = %s and TITLE = %s and CARRER = %s and ACADEMIC_ABILILTY = %s and EMPLOYMENT_TYPE = %s and AREA = %s and RECUITMENT_PERIOD = %s and OTHER_CONTENTS = %s and URL = %s  ",
  File "C:\Users\bbde1\AppData\Local\Programs\Python\Python310\lib\site-packages\MySQLdb\cursors.py", line 206, in execute
    res = self._query(query)
  File "C:\Users\bbde1\AppData\Local\Programs\Python\Python310\lib\site-packages\MySQLdb\cursors.py", line 319, in _query
    db.query(q)
  File "C:\Users\bbde1\AppData\Local\Programs\Python\Python310\lib\site-packages\MySQLdb\connections.py", line 254, in query
    _mysql.connection.query(self, query)
MySQLdb.ProgrammingError: (1064, <NULL>)
2022-06-27 16:42:03 [scrapy.core.scraper] ERROR: Error processing {'ACADEMIC_ABILILTY': '학력무관',
 'AREA': '대전 유성구',
 'CARRER': '경력',
 'COMPANY': '딱플㈜',
 'EMPLOYMENT_TYPE': '정규직',
 'OTHER_CONTENTS': '모바일App, HTML, Java, mHTML, php, Python, 아이폰, 안드로이드, '
                   'ActiveX, Java, Python',
 'RECUITMENT_PERIOD': '~07/21(목)',
 'TITLE': 'WEB APP개발 팀원 지원해주세요\r\n                            ',
 'URL': 'https://www.jobkorea.co.kr/Recruit/GI_Read/38166512?Oem_Code=C1&logpath=1&stext=파이썬&listno=38'}
Traceback (most recent call last):
  File "C:\Users\bbde1\AppData\Local\Programs\Python\Python310\lib\site-packages\twisted\internet\defer.py", line 857, in _runCallbacks
    current.result = callback(  # type: ignore[misc]
  File "C:\Users\bbde1\AppData\Local\Programs\Python\Python310\lib\site-packages\scrapy\utils\defer.py", line 162, in f
    return deferred_from_coro(coro_f(*coro_args, **coro_kwargs))
  File "C:\Users\bbde1\Desktop\crawling\Spirit\Fighting\pipelines.py", line 26, in process_item
    self.cursor.execute("select * from test1.spirit where spirit COMPANY = %s and TITLE = %s and CARRER = %s and ACADEMIC_ABILILTY = %s and EMPLOYMENT_TYPE = %s and AREA = %s and RECUITMENT_PERIOD = %s and OTHER_CONTENTS = %s and URL = %s  ",
  File "C:\Users\bbde1\AppData\Local\Programs\Python\Python310\lib\site-packages\MySQLdb\cursors.py", line 206, in execute
    res = self._query(query)
  File "C:\Users\bbde1\AppData\Local\Programs\Python\Python310\lib\site-packages\MySQLdb\cursors.py", line 319, in _query
    db.query(q)
  File "C:\Users\bbde1\AppData\Local\Programs\Python\Python310\lib\site-packages\MySQLdb\connections.py", line 254, in query
    _mysql.connection.query(self, query)
MySQLdb.ProgrammingError: (1064, "You have an error in your SQL syntax; check the manual that corresponds to your MySQL server version for the right syntax to use near 'COMPANY = '딱' and TITLE = 'W' and CARRER = '경' and ACADEMIC_ABILILTY = '학'' at line 1")
2022-06-27 16:42:03 [scrapy.core.scraper] ERROR: Error processing {'ACADEMIC_ABILILTY': '학력무관',
 'AREA': '경기 성남시',
 'CARRER': '신입·경력',
 'COMPANY': '㈜이아커뮤니케이션',
 'EMPLOYMENT_TYPE': '정규직',
 'OTHER_CONTENTS': '소프트웨어개발, 솔루션, 웹프로그래머, MySQL, php, Python',
 'RECUITMENT_PERIOD': '~07/13(수)',
 'TITLE': '웹프로그래머를 모십니다\r\n                            ',
 'URL': 'https://www.jobkorea.co.kr/Recruit/GI_Read/38076759?Oem_Code=C1&logpath=1&stext=파이썬&listno=39'}
Traceback (most recent call last):
  File "C:\Users\bbde1\AppData\Local\Programs\Python\Python310\lib\site-packages\twisted\internet\defer.py", line 857, in _runCallbacks
    current.result = callback(  # type: ignore[misc]
  File "C:\Users\bbde1\AppData\Local\Programs\Python\Python310\lib\site-packages\scrapy\utils\defer.py", line 162, in f
    return deferred_from_coro(coro_f(*coro_args, **coro_kwargs))
  File "C:\Users\bbde1\Desktop\crawling\Spirit\Fighting\pipelines.py", line 26, in process_item
    self.cursor.execute("select * from test1.spirit where spirit COMPANY = %s and TITLE = %s and CARRER = %s and ACADEMIC_ABILILTY = %s and EMPLOYMENT_TYPE = %s and AREA = %s and RECUITMENT_PERIOD = %s and OTHER_CONTENTS = %s and URL = %s  ",
  File "C:\Users\bbde1\AppData\Local\Programs\Python\Python310\lib\site-packages\MySQLdb\cursors.py", line 206, in execute
    res = self._query(query)
  File "C:\Users\bbde1\AppData\Local\Programs\Python\Python310\lib\site-packages\MySQLdb\cursors.py", line 319, in _query
    db.query(q)
  File "C:\Users\bbde1\AppData\Local\Programs\Python\Python310\lib\site-packages\MySQLdb\connections.py", line 254, in query
    _mysql.connection.query(self, query)
MySQLdb.ProgrammingError: (1064, <NULL>)
2022-06-27 16:42:03 [scrapy.core.scraper] ERROR: Error processing {'ACADEMIC_ABILILTY': '학력무관',
 'AREA': '서울 구로구',
 'CARRER': '경력1년↑',
 'COMPANY': '오픈포맷㈜',
 'EMPLOYMENT_TYPE': '정규직',
 'OTHER_CONTENTS': '소프트웨어개발, 솔루션, CRM, Python, 소프트웨어',
 'RECUITMENT_PERIOD': '~07/11(월)',
 'TITLE': '풀스택 개발자 (Fullstack Developer) / 경력\r\n                            ',
 'URL': 'https://www.jobkorea.co.kr/Recruit/GI_Read/38041820?Oem_Code=C1&logpath=1&stext=파이썬&listno=40'}
Traceback (most recent call last):
  File "C:\Users\bbde1\AppData\Local\Programs\Python\Python310\lib\site-packages\twisted\internet\defer.py", line 857, in _runCallbacks
    current.result = callback(  # type: ignore[misc]
  File "C:\Users\bbde1\AppData\Local\Programs\Python\Python310\lib\site-packages\scrapy\utils\defer.py", line 162, in f
    return deferred_from_coro(coro_f(*coro_args, **coro_kwargs))
  File "C:\Users\bbde1\Desktop\crawling\Spirit\Fighting\pipelines.py", line 26, in process_item
    self.cursor.execute("select * from test1.spirit where spirit COMPANY = %s and TITLE = %s and CARRER = %s and ACADEMIC_ABILILTY = %s and EMPLOYMENT_TYPE = %s and AREA = %s and RECUITMENT_PERIOD = %s and OTHER_CONTENTS = %s and URL = %s  ",
  File "C:\Users\bbde1\AppData\Local\Programs\Python\Python310\lib\site-packages\MySQLdb\cursors.py", line 206, in execute
    res = self._query(query)
  File "C:\Users\bbde1\AppData\Local\Programs\Python\Python310\lib\site-packages\MySQLdb\cursors.py", line 319, in _query
    db.query(q)
  File "C:\Users\bbde1\AppData\Local\Programs\Python\Python310\lib\site-packages\MySQLdb\connections.py", line 254, in query
    _mysql.connection.query(self, query)
MySQLdb.ProgrammingError: (1064, <NULL>)
2022-06-27 16:42:03 [scrapy.core.engine] DEBUG: Crawled (200) <GET https://www.jobkorea.co.kr/Search/?stext=%ED%8C%8C%EC%9D%B4%EC%8D%AC&careerType=2&careerMin=1&careerMax=5&edu=0&payType=1&payMin=2500&payMax=3000&recruit&Page_No=5> (referer: None)
2022-06-27 16:42:03 [scrapy.core.scraper] ERROR: Spider error processing <GET https://www.jobkorea.co.kr/Search/?stext=%ED%8C%8C%EC%9D%B4%EC%8D%AC&careerType=2&careerMin=1&careerMax=5&edu=0&payType=1&payMin=2500&payMax=3000&recruit&Page_No=5> (referer: None)
Traceback (most recent call last):
  File "C:\Users\bbde1\AppData\Local\Programs\Python\Python310\lib\site-packages\scrapy\utils\defer.py", line 132, in iter_errback
    yield next(it)
  File "C:\Users\bbde1\AppData\Local\Programs\Python\Python310\lib\site-packages\scrapy\utils\python.py", line 354, in __next__
    return next(self.data)
  File "C:\Users\bbde1\AppData\Local\Programs\Python\Python310\lib\site-packages\scrapy\utils\python.py", line 354, in __next__
    return next(self.data)
  File "C:\Users\bbde1\AppData\Local\Programs\Python\Python310\lib\site-packages\scrapy\core\spidermw.py", line 66, in _evaluate_iterable
    for r in iterable:
  File "C:\Users\bbde1\AppData\Local\Programs\Python\Python310\lib\site-packages\scrapy\spidermiddlewares\offsite.py", line 29, in process_spider_output
    for x in result:
  File "C:\Users\bbde1\AppData\Local\Programs\Python\Python310\lib\site-packages\scrapy\core\spidermw.py", line 66, in _evaluate_iterable
    for r in iterable:
  File "C:\Users\bbde1\AppData\Local\Programs\Python\Python310\lib\site-packages\scrapy\spidermiddlewares\referer.py", line 342, in <genexpr>
    return (_set_referer(r) for r in result or ())
  File "C:\Users\bbde1\AppData\Local\Programs\Python\Python310\lib\site-packages\scrapy\core\spidermw.py", line 66, in _evaluate_iterable
    for r in iterable:
  File "C:\Users\bbde1\AppData\Local\Programs\Python\Python310\lib\site-packages\scrapy\spidermiddlewares\urllength.py", line 40, in <genexpr>
    return (r for r in result or () if _filter(r))
  File "C:\Users\bbde1\AppData\Local\Programs\Python\Python310\lib\site-packages\scrapy\core\spidermw.py", line 66, in _evaluate_iterable
    for r in iterable:
  File "C:\Users\bbde1\AppData\Local\Programs\Python\Python310\lib\site-packages\scrapy\spidermiddlewares\depth.py", line 58, in <genexpr>
    return (r for r in result or () if _filter(r))
  File "C:\Users\bbde1\AppData\Local\Programs\Python\Python310\lib\site-packages\scrapy\core\spidermw.py", line 66, in _evaluate_iterable
    for r in iterable:
  File "C:\Users\bbde1\Desktop\crawling\Spirit\Fighting\spiders\MainSpider.py", line 43, in parse
    item['COMPANY'] = response.xpath(f'//*[@id="content"]/div/div/div[1]/div/div[2]/div[2]/div/div[1]/ul/li[{y}]/div/div[1]/a/text()')[0].extract()
  File "C:\Users\bbde1\AppData\Local\Programs\Python\Python310\lib\site-packages\parsel\selector.py", line 70, in __getitem__
    o = super(SelectorList, self).__getitem__(pos)
IndexError: list index out of range
2022-06-27 16:42:03 [scrapy.core.engine] INFO: Closing spider (finished)
2022-06-27 16:42:03 [scrapy.statscollectors] INFO: Dumping Scrapy stats:
{'downloader/request_bytes': 1416,
 'downloader/request_count': 4,
 'downloader/request_method_count/GET': 4,
 'downloader/response_bytes': 106407,
 'downloader/response_count': 4,
 'downloader/response_status_count/200': 4,
 'elapsed_time_seconds': 2.309615,
 'finish_reason': 'finished',
 'finish_time': datetime.datetime(2022, 6, 27, 7, 42, 3, 565715),
 'httpcompression/response_bytes': 767105,
 'httpcompression/response_count': 4,
 'log_count/DEBUG': 9,
 'log_count/ERROR': 48,
 'log_count/INFO': 10,
 'response_received_count': 4,
 'scheduler/dequeued': 4,
 'scheduler/dequeued/memory': 4,
 'scheduler/enqueued': 4,
 'scheduler/enqueued/memory': 4,
 'spider_exceptions/IndexError': 2,
 'start_time': datetime.datetime(2022, 6, 27, 7, 42, 1, 256100)}
2022-06-27 16:42:03 [scrapy.core.engine] INFO: Spider closed (finished)
